[2023-04-25T22:48:58.931+0000] {processor.py:153} INFO - Started process (PID=1050) to work on /opt/airflow/dags/treino02.py
[2023-04-25T22:48:58.933+0000] {processor.py:743} INFO - Processing file /opt/airflow/dags/treino02.py for tasks to queue
[2023-04-25T22:48:58.934+0000] {logging_mixin.py:137} INFO - [2023-04-25T22:48:58.934+0000] {dagbag.py:532} INFO - Filling up the DagBag from /opt/airflow/dags/treino02.py
[2023-04-25T22:48:59.496+0000] {processor.py:753} INFO - DAG(s) dict_keys(['treino-02']) retrieved from /opt/airflow/dags/treino02.py
[2023-04-25T22:48:59.640+0000] {logging_mixin.py:137} INFO - [2023-04-25T22:48:59.640+0000] {manager.py:504} INFO - Created Permission View: can edit on DAG:treino-02
[2023-04-25T22:48:59.647+0000] {logging_mixin.py:137} INFO - [2023-04-25T22:48:59.647+0000] {manager.py:504} INFO - Created Permission View: can read on DAG:treino-02
[2023-04-25T22:48:59.652+0000] {logging_mixin.py:137} INFO - [2023-04-25T22:48:59.652+0000] {manager.py:504} INFO - Created Permission View: can delete on DAG:treino-02
[2023-04-25T22:48:59.653+0000] {logging_mixin.py:137} INFO - [2023-04-25T22:48:59.652+0000] {dag.py:2705} INFO - Sync 1 DAGs
[2023-04-25T22:48:59.664+0000] {logging_mixin.py:137} INFO - [2023-04-25T22:48:59.664+0000] {dag.py:2726} INFO - Creating ORM DAG for treino-02
[2023-04-25T22:48:59.674+0000] {logging_mixin.py:137} INFO - [2023-04-25T22:48:59.674+0000] {dag.py:3456} INFO - Setting next_dagrun for treino-02 to None, run_after=None
[2023-04-25T22:48:59.688+0000] {processor.py:175} INFO - Processing /opt/airflow/dags/treino02.py took 0.761 seconds
[2023-04-25T22:49:30.045+0000] {processor.py:153} INFO - Started process (PID=1103) to work on /opt/airflow/dags/treino02.py
[2023-04-25T22:49:30.047+0000] {processor.py:743} INFO - Processing file /opt/airflow/dags/treino02.py for tasks to queue
[2023-04-25T22:49:30.049+0000] {logging_mixin.py:137} INFO - [2023-04-25T22:49:30.048+0000] {dagbag.py:532} INFO - Filling up the DagBag from /opt/airflow/dags/treino02.py
[2023-04-25T22:49:30.696+0000] {processor.py:753} INFO - DAG(s) dict_keys(['treino-02']) retrieved from /opt/airflow/dags/treino02.py
[2023-04-25T22:49:30.723+0000] {logging_mixin.py:137} INFO - [2023-04-25T22:49:30.723+0000] {dag.py:2705} INFO - Sync 1 DAGs
[2023-04-25T22:49:30.745+0000] {logging_mixin.py:137} INFO - [2023-04-25T22:49:30.745+0000] {dag.py:3456} INFO - Setting next_dagrun for treino-02 to None, run_after=None
[2023-04-25T22:49:30.759+0000] {processor.py:175} INFO - Processing /opt/airflow/dags/treino02.py took 0.721 seconds
[2023-04-25T22:50:01.451+0000] {processor.py:153} INFO - Started process (PID=1155) to work on /opt/airflow/dags/treino02.py
[2023-04-25T22:50:01.453+0000] {processor.py:743} INFO - Processing file /opt/airflow/dags/treino02.py for tasks to queue
[2023-04-25T22:50:01.454+0000] {logging_mixin.py:137} INFO - [2023-04-25T22:50:01.454+0000] {dagbag.py:532} INFO - Filling up the DagBag from /opt/airflow/dags/treino02.py
[2023-04-25T22:50:02.134+0000] {processor.py:753} INFO - DAG(s) dict_keys(['treino-02']) retrieved from /opt/airflow/dags/treino02.py
[2023-04-25T22:50:02.163+0000] {logging_mixin.py:137} INFO - [2023-04-25T22:50:02.163+0000] {dag.py:2705} INFO - Sync 1 DAGs
[2023-04-25T22:50:02.185+0000] {logging_mixin.py:137} INFO - [2023-04-25T22:50:02.185+0000] {dag.py:3456} INFO - Setting next_dagrun for treino-02 to None, run_after=None
[2023-04-25T22:50:02.201+0000] {processor.py:175} INFO - Processing /opt/airflow/dags/treino02.py took 0.757 seconds
[2023-04-25T22:50:32.873+0000] {processor.py:153} INFO - Started process (PID=1208) to work on /opt/airflow/dags/treino02.py
[2023-04-25T22:50:32.875+0000] {processor.py:743} INFO - Processing file /opt/airflow/dags/treino02.py for tasks to queue
[2023-04-25T22:50:32.876+0000] {logging_mixin.py:137} INFO - [2023-04-25T22:50:32.876+0000] {dagbag.py:532} INFO - Filling up the DagBag from /opt/airflow/dags/treino02.py
[2023-04-25T22:50:33.431+0000] {processor.py:753} INFO - DAG(s) dict_keys(['treino-02']) retrieved from /opt/airflow/dags/treino02.py
[2023-04-25T22:50:33.474+0000] {logging_mixin.py:137} INFO - [2023-04-25T22:50:33.474+0000] {dag.py:2705} INFO - Sync 1 DAGs
[2023-04-25T22:50:33.498+0000] {logging_mixin.py:137} INFO - [2023-04-25T22:50:33.498+0000] {dag.py:3456} INFO - Setting next_dagrun for treino-02 to None, run_after=None
[2023-04-25T22:50:33.512+0000] {processor.py:175} INFO - Processing /opt/airflow/dags/treino02.py took 0.648 seconds
[2023-04-25T22:51:04.544+0000] {processor.py:153} INFO - Started process (PID=1261) to work on /opt/airflow/dags/treino02.py
[2023-04-25T22:51:04.547+0000] {processor.py:743} INFO - Processing file /opt/airflow/dags/treino02.py for tasks to queue
[2023-04-25T22:51:04.548+0000] {logging_mixin.py:137} INFO - [2023-04-25T22:51:04.548+0000] {dagbag.py:532} INFO - Filling up the DagBag from /opt/airflow/dags/treino02.py
[2023-04-25T22:51:05.239+0000] {processor.py:753} INFO - DAG(s) dict_keys(['treino-02']) retrieved from /opt/airflow/dags/treino02.py
[2023-04-25T22:51:05.289+0000] {logging_mixin.py:137} INFO - [2023-04-25T22:51:05.288+0000] {dag.py:2705} INFO - Sync 1 DAGs
[2023-04-25T22:51:05.316+0000] {logging_mixin.py:137} INFO - [2023-04-25T22:51:05.316+0000] {dag.py:3456} INFO - Setting next_dagrun for treino-02 to None, run_after=None
[2023-04-25T22:51:05.332+0000] {processor.py:175} INFO - Processing /opt/airflow/dags/treino02.py took 0.798 seconds
[2023-04-25T22:51:35.917+0000] {processor.py:153} INFO - Started process (PID=1314) to work on /opt/airflow/dags/treino02.py
[2023-04-25T22:51:35.919+0000] {processor.py:743} INFO - Processing file /opt/airflow/dags/treino02.py for tasks to queue
[2023-04-25T22:51:35.921+0000] {logging_mixin.py:137} INFO - [2023-04-25T22:51:35.920+0000] {dagbag.py:532} INFO - Filling up the DagBag from /opt/airflow/dags/treino02.py
[2023-04-25T22:51:36.426+0000] {processor.py:753} INFO - DAG(s) dict_keys(['treino-02']) retrieved from /opt/airflow/dags/treino02.py
[2023-04-25T22:51:36.445+0000] {logging_mixin.py:137} INFO - [2023-04-25T22:51:36.445+0000] {dag.py:2705} INFO - Sync 1 DAGs
[2023-04-25T22:51:36.465+0000] {logging_mixin.py:137} INFO - [2023-04-25T22:51:36.465+0000] {dag.py:3456} INFO - Setting next_dagrun for treino-02 to None, run_after=None
[2023-04-25T22:51:36.477+0000] {processor.py:175} INFO - Processing /opt/airflow/dags/treino02.py took 0.566 seconds
[2023-04-25T22:52:07.283+0000] {processor.py:153} INFO - Started process (PID=1367) to work on /opt/airflow/dags/treino02.py
[2023-04-25T22:52:07.285+0000] {processor.py:743} INFO - Processing file /opt/airflow/dags/treino02.py for tasks to queue
[2023-04-25T22:52:07.286+0000] {logging_mixin.py:137} INFO - [2023-04-25T22:52:07.286+0000] {dagbag.py:532} INFO - Filling up the DagBag from /opt/airflow/dags/treino02.py
[2023-04-25T22:52:07.846+0000] {processor.py:753} INFO - DAG(s) dict_keys(['treino-02']) retrieved from /opt/airflow/dags/treino02.py
[2023-04-25T22:52:07.870+0000] {logging_mixin.py:137} INFO - [2023-04-25T22:52:07.870+0000] {dag.py:2705} INFO - Sync 1 DAGs
[2023-04-25T22:52:07.902+0000] {logging_mixin.py:137} INFO - [2023-04-25T22:52:07.902+0000] {dag.py:3456} INFO - Setting next_dagrun for treino-02 to None, run_after=None
[2023-04-25T22:52:07.915+0000] {processor.py:175} INFO - Processing /opt/airflow/dags/treino02.py took 0.637 seconds
[2023-04-25T22:52:38.200+0000] {processor.py:153} INFO - Started process (PID=1419) to work on /opt/airflow/dags/treino02.py
[2023-04-25T22:52:38.202+0000] {processor.py:743} INFO - Processing file /opt/airflow/dags/treino02.py for tasks to queue
[2023-04-25T22:52:38.204+0000] {logging_mixin.py:137} INFO - [2023-04-25T22:52:38.204+0000] {dagbag.py:532} INFO - Filling up the DagBag from /opt/airflow/dags/treino02.py
[2023-04-25T22:52:38.793+0000] {processor.py:753} INFO - DAG(s) dict_keys(['treino-02']) retrieved from /opt/airflow/dags/treino02.py
[2023-04-25T22:52:38.827+0000] {logging_mixin.py:137} INFO - [2023-04-25T22:52:38.827+0000] {dag.py:2705} INFO - Sync 1 DAGs
[2023-04-25T22:52:38.859+0000] {logging_mixin.py:137} INFO - [2023-04-25T22:52:38.859+0000] {dag.py:3456} INFO - Setting next_dagrun for treino-02 to None, run_after=None
[2023-04-25T22:52:38.879+0000] {processor.py:175} INFO - Processing /opt/airflow/dags/treino02.py took 0.686 seconds
[2023-04-25T22:53:09.045+0000] {processor.py:153} INFO - Started process (PID=1472) to work on /opt/airflow/dags/treino02.py
[2023-04-25T22:53:09.048+0000] {processor.py:743} INFO - Processing file /opt/airflow/dags/treino02.py for tasks to queue
[2023-04-25T22:53:09.050+0000] {logging_mixin.py:137} INFO - [2023-04-25T22:53:09.050+0000] {dagbag.py:532} INFO - Filling up the DagBag from /opt/airflow/dags/treino02.py
[2023-04-25T22:53:09.697+0000] {processor.py:753} INFO - DAG(s) dict_keys(['treino-02']) retrieved from /opt/airflow/dags/treino02.py
[2023-04-25T22:53:09.732+0000] {logging_mixin.py:137} INFO - [2023-04-25T22:53:09.732+0000] {dag.py:2705} INFO - Sync 1 DAGs
[2023-04-25T22:53:09.762+0000] {logging_mixin.py:137} INFO - [2023-04-25T22:53:09.762+0000] {dag.py:3456} INFO - Setting next_dagrun for treino-02 to None, run_after=None
[2023-04-25T22:53:09.777+0000] {processor.py:175} INFO - Processing /opt/airflow/dags/treino02.py took 0.741 seconds
[2023-04-25T22:53:13.866+0000] {processor.py:153} INFO - Started process (PID=1476) to work on /opt/airflow/dags/treino02.py
[2023-04-25T22:53:13.869+0000] {processor.py:743} INFO - Processing file /opt/airflow/dags/treino02.py for tasks to queue
[2023-04-25T22:53:13.876+0000] {logging_mixin.py:137} INFO - [2023-04-25T22:53:13.872+0000] {dagbag.py:532} INFO - Filling up the DagBag from /opt/airflow/dags/treino02.py
[2023-04-25T22:53:14.621+0000] {processor.py:753} INFO - DAG(s) dict_keys(['treino-02']) retrieved from /opt/airflow/dags/treino02.py
[2023-04-25T22:53:14.651+0000] {logging_mixin.py:137} INFO - [2023-04-25T22:53:14.651+0000] {dag.py:2705} INFO - Sync 1 DAGs
[2023-04-25T22:53:14.677+0000] {logging_mixin.py:137} INFO - [2023-04-25T22:53:14.677+0000] {dag.py:3456} INFO - Setting next_dagrun for treino-02 to None, run_after=None
[2023-04-25T22:53:14.694+0000] {processor.py:175} INFO - Processing /opt/airflow/dags/treino02.py took 0.837 seconds
[2023-04-25T22:53:45.301+0000] {processor.py:153} INFO - Started process (PID=1529) to work on /opt/airflow/dags/treino02.py
[2023-04-25T22:53:45.306+0000] {processor.py:743} INFO - Processing file /opt/airflow/dags/treino02.py for tasks to queue
[2023-04-25T22:53:45.313+0000] {logging_mixin.py:137} INFO - [2023-04-25T22:53:45.313+0000] {dagbag.py:532} INFO - Filling up the DagBag from /opt/airflow/dags/treino02.py
[2023-04-25T22:53:46.047+0000] {processor.py:753} INFO - DAG(s) dict_keys(['treino-02']) retrieved from /opt/airflow/dags/treino02.py
[2023-04-25T22:53:46.091+0000] {logging_mixin.py:137} INFO - [2023-04-25T22:53:46.091+0000] {dag.py:2705} INFO - Sync 1 DAGs
[2023-04-25T22:53:46.113+0000] {logging_mixin.py:137} INFO - [2023-04-25T22:53:46.113+0000] {dag.py:3456} INFO - Setting next_dagrun for treino-02 to None, run_after=None
[2023-04-25T22:53:46.128+0000] {processor.py:175} INFO - Processing /opt/airflow/dags/treino02.py took 0.838 seconds
[2023-04-25T22:54:16.393+0000] {processor.py:153} INFO - Started process (PID=1582) to work on /opt/airflow/dags/treino02.py
[2023-04-25T22:54:16.395+0000] {processor.py:743} INFO - Processing file /opt/airflow/dags/treino02.py for tasks to queue
[2023-04-25T22:54:16.397+0000] {logging_mixin.py:137} INFO - [2023-04-25T22:54:16.397+0000] {dagbag.py:532} INFO - Filling up the DagBag from /opt/airflow/dags/treino02.py
[2023-04-25T22:54:16.976+0000] {processor.py:753} INFO - DAG(s) dict_keys(['treino-02']) retrieved from /opt/airflow/dags/treino02.py
[2023-04-25T22:54:17.003+0000] {logging_mixin.py:137} INFO - [2023-04-25T22:54:17.003+0000] {dag.py:2705} INFO - Sync 1 DAGs
[2023-04-25T22:54:17.027+0000] {logging_mixin.py:137} INFO - [2023-04-25T22:54:17.027+0000] {dag.py:3456} INFO - Setting next_dagrun for treino-02 to None, run_after=None
[2023-04-25T22:54:17.050+0000] {processor.py:175} INFO - Processing /opt/airflow/dags/treino02.py took 0.665 seconds
[2023-04-25T22:54:47.253+0000] {processor.py:153} INFO - Started process (PID=1635) to work on /opt/airflow/dags/treino02.py
[2023-04-25T22:54:47.257+0000] {processor.py:743} INFO - Processing file /opt/airflow/dags/treino02.py for tasks to queue
[2023-04-25T22:54:47.258+0000] {logging_mixin.py:137} INFO - [2023-04-25T22:54:47.258+0000] {dagbag.py:532} INFO - Filling up the DagBag from /opt/airflow/dags/treino02.py
[2023-04-25T22:54:48.217+0000] {processor.py:753} INFO - DAG(s) dict_keys(['treino-02']) retrieved from /opt/airflow/dags/treino02.py
[2023-04-25T22:54:48.341+0000] {logging_mixin.py:137} INFO - [2023-04-25T22:54:48.340+0000] {dag.py:2705} INFO - Sync 1 DAGs
[2023-04-25T22:54:48.360+0000] {logging_mixin.py:137} INFO - [2023-04-25T22:54:48.360+0000] {dag.py:3456} INFO - Setting next_dagrun for treino-02 to 2023-04-23T19:00:00+00:00, run_after=2023-04-23T19:02:00+00:00
[2023-04-25T22:54:48.379+0000] {processor.py:175} INFO - Processing /opt/airflow/dags/treino02.py took 1.153 seconds
[2023-04-25T22:55:18.485+0000] {processor.py:153} INFO - Started process (PID=1688) to work on /opt/airflow/dags/treino02.py
[2023-04-25T22:55:18.488+0000] {processor.py:743} INFO - Processing file /opt/airflow/dags/treino02.py for tasks to queue
[2023-04-25T22:55:18.489+0000] {logging_mixin.py:137} INFO - [2023-04-25T22:55:18.489+0000] {dagbag.py:532} INFO - Filling up the DagBag from /opt/airflow/dags/treino02.py
[2023-04-25T22:55:19.058+0000] {processor.py:753} INFO - DAG(s) dict_keys(['treino-02']) retrieved from /opt/airflow/dags/treino02.py
[2023-04-25T22:55:19.083+0000] {logging_mixin.py:137} INFO - [2023-04-25T22:55:19.083+0000] {dag.py:2705} INFO - Sync 1 DAGs
[2023-04-25T22:55:19.111+0000] {logging_mixin.py:137} INFO - [2023-04-25T22:55:19.111+0000] {dag.py:3456} INFO - Setting next_dagrun for treino-02 to 2023-04-23T19:00:00+00:00, run_after=2023-04-23T19:02:00+00:00
[2023-04-25T22:55:19.131+0000] {processor.py:175} INFO - Processing /opt/airflow/dags/treino02.py took 0.655 seconds
[2023-04-25T22:55:20.510+0000] {processor.py:153} INFO - Started process (PID=1690) to work on /opt/airflow/dags/treino02.py
[2023-04-25T22:55:20.512+0000] {processor.py:743} INFO - Processing file /opt/airflow/dags/treino02.py for tasks to queue
[2023-04-25T22:55:20.514+0000] {logging_mixin.py:137} INFO - [2023-04-25T22:55:20.514+0000] {dagbag.py:532} INFO - Filling up the DagBag from /opt/airflow/dags/treino02.py
[2023-04-25T22:55:21.255+0000] {processor.py:753} INFO - DAG(s) dict_keys(['treino-02']) retrieved from /opt/airflow/dags/treino02.py
[2023-04-25T22:55:21.274+0000] {logging_mixin.py:137} INFO - [2023-04-25T22:55:21.274+0000] {dag.py:2705} INFO - Sync 1 DAGs
[2023-04-25T22:55:21.292+0000] {logging_mixin.py:137} INFO - [2023-04-25T22:55:21.292+0000] {dag.py:3456} INFO - Setting next_dagrun for treino-02 to 2023-04-23T19:00:00+00:00, run_after=2023-04-23T19:02:00+00:00
[2023-04-25T22:55:21.307+0000] {processor.py:175} INFO - Processing /opt/airflow/dags/treino02.py took 0.802 seconds
[2023-04-25T22:55:52.213+0000] {processor.py:153} INFO - Started process (PID=1746) to work on /opt/airflow/dags/treino02.py
[2023-04-25T22:55:52.215+0000] {processor.py:743} INFO - Processing file /opt/airflow/dags/treino02.py for tasks to queue
[2023-04-25T22:55:52.216+0000] {logging_mixin.py:137} INFO - [2023-04-25T22:55:52.216+0000] {dagbag.py:532} INFO - Filling up the DagBag from /opt/airflow/dags/treino02.py
[2023-04-25T22:55:52.942+0000] {processor.py:753} INFO - DAG(s) dict_keys(['treino-02']) retrieved from /opt/airflow/dags/treino02.py
[2023-04-25T22:55:52.992+0000] {logging_mixin.py:137} INFO - [2023-04-25T22:55:52.991+0000] {dag.py:2705} INFO - Sync 1 DAGs
[2023-04-25T22:55:53.018+0000] {logging_mixin.py:137} INFO - [2023-04-25T22:55:53.018+0000] {dag.py:3456} INFO - Setting next_dagrun for treino-02 to 2023-04-23T19:00:00+00:00, run_after=2023-04-23T19:02:00+00:00
[2023-04-25T22:55:53.032+0000] {processor.py:175} INFO - Processing /opt/airflow/dags/treino02.py took 0.826 seconds
[2023-04-25T22:56:23.349+0000] {processor.py:153} INFO - Started process (PID=1802) to work on /opt/airflow/dags/treino02.py
[2023-04-25T22:56:23.354+0000] {processor.py:743} INFO - Processing file /opt/airflow/dags/treino02.py for tasks to queue
[2023-04-25T22:56:23.356+0000] {logging_mixin.py:137} INFO - [2023-04-25T22:56:23.356+0000] {dagbag.py:532} INFO - Filling up the DagBag from /opt/airflow/dags/treino02.py
[2023-04-25T22:56:24.241+0000] {processor.py:753} INFO - DAG(s) dict_keys(['treino-02']) retrieved from /opt/airflow/dags/treino02.py
[2023-04-25T22:56:24.302+0000] {logging_mixin.py:137} INFO - [2023-04-25T22:56:24.302+0000] {dag.py:2705} INFO - Sync 1 DAGs
[2023-04-25T22:56:24.349+0000] {logging_mixin.py:137} INFO - [2023-04-25T22:56:24.348+0000] {dag.py:3456} INFO - Setting next_dagrun for treino-02 to 2023-04-23T19:00:00+00:00, run_after=2023-04-23T19:02:00+00:00
[2023-04-25T22:56:24.379+0000] {processor.py:175} INFO - Processing /opt/airflow/dags/treino02.py took 1.035 seconds
[2023-04-25T22:56:55.297+0000] {processor.py:153} INFO - Started process (PID=1864) to work on /opt/airflow/dags/treino02.py
[2023-04-25T22:56:55.299+0000] {processor.py:743} INFO - Processing file /opt/airflow/dags/treino02.py for tasks to queue
[2023-04-25T22:56:55.301+0000] {logging_mixin.py:137} INFO - [2023-04-25T22:56:55.301+0000] {dagbag.py:532} INFO - Filling up the DagBag from /opt/airflow/dags/treino02.py
[2023-04-25T22:56:56.079+0000] {processor.py:753} INFO - DAG(s) dict_keys(['treino-02']) retrieved from /opt/airflow/dags/treino02.py
[2023-04-25T22:56:56.133+0000] {logging_mixin.py:137} INFO - [2023-04-25T22:56:56.133+0000] {dag.py:2705} INFO - Sync 1 DAGs
[2023-04-25T22:56:56.172+0000] {logging_mixin.py:137} INFO - [2023-04-25T22:56:56.172+0000] {dag.py:3456} INFO - Setting next_dagrun for treino-02 to 2023-04-23T19:00:00+00:00, run_after=2023-04-23T19:02:00+00:00
[2023-04-25T22:56:56.189+0000] {processor.py:175} INFO - Processing /opt/airflow/dags/treino02.py took 0.900 seconds
[2023-04-25T22:57:26.255+0000] {processor.py:153} INFO - Started process (PID=1920) to work on /opt/airflow/dags/treino02.py
[2023-04-25T22:57:26.257+0000] {processor.py:743} INFO - Processing file /opt/airflow/dags/treino02.py for tasks to queue
[2023-04-25T22:57:26.258+0000] {logging_mixin.py:137} INFO - [2023-04-25T22:57:26.258+0000] {dagbag.py:532} INFO - Filling up the DagBag from /opt/airflow/dags/treino02.py
[2023-04-25T22:57:26.781+0000] {processor.py:753} INFO - DAG(s) dict_keys(['treino-02']) retrieved from /opt/airflow/dags/treino02.py
[2023-04-25T22:57:26.810+0000] {logging_mixin.py:137} INFO - [2023-04-25T22:57:26.809+0000] {dag.py:2705} INFO - Sync 1 DAGs
[2023-04-25T22:57:26.829+0000] {logging_mixin.py:137} INFO - [2023-04-25T22:57:26.829+0000] {dag.py:3456} INFO - Setting next_dagrun for treino-02 to 2023-04-23T19:00:00+00:00, run_after=2023-04-23T19:02:00+00:00
[2023-04-25T22:57:26.843+0000] {processor.py:175} INFO - Processing /opt/airflow/dags/treino02.py took 0.592 seconds
[2023-04-25T22:57:57.856+0000] {processor.py:153} INFO - Started process (PID=1974) to work on /opt/airflow/dags/treino02.py
[2023-04-25T22:57:57.861+0000] {processor.py:743} INFO - Processing file /opt/airflow/dags/treino02.py for tasks to queue
[2023-04-25T22:57:57.864+0000] {logging_mixin.py:137} INFO - [2023-04-25T22:57:57.864+0000] {dagbag.py:532} INFO - Filling up the DagBag from /opt/airflow/dags/treino02.py
[2023-04-25T22:57:59.680+0000] {processor.py:753} INFO - DAG(s) dict_keys(['treino-02']) retrieved from /opt/airflow/dags/treino02.py
[2023-04-25T22:57:59.799+0000] {logging_mixin.py:137} INFO - [2023-04-25T22:57:59.797+0000] {dag.py:2705} INFO - Sync 1 DAGs
[2023-04-25T22:57:59.871+0000] {logging_mixin.py:137} INFO - [2023-04-25T22:57:59.871+0000] {dag.py:3456} INFO - Setting next_dagrun for treino-02 to 2023-04-23T19:00:00+00:00, run_after=2023-04-23T19:02:00+00:00
[2023-04-25T22:57:59.926+0000] {processor.py:175} INFO - Processing /opt/airflow/dags/treino02.py took 2.084 seconds
[2023-04-25T22:58:30.225+0000] {processor.py:153} INFO - Started process (PID=2030) to work on /opt/airflow/dags/treino02.py
[2023-04-25T22:58:30.226+0000] {processor.py:743} INFO - Processing file /opt/airflow/dags/treino02.py for tasks to queue
[2023-04-25T22:58:30.227+0000] {logging_mixin.py:137} INFO - [2023-04-25T22:58:30.227+0000] {dagbag.py:532} INFO - Filling up the DagBag from /opt/airflow/dags/treino02.py
[2023-04-25T22:58:30.797+0000] {processor.py:753} INFO - DAG(s) dict_keys(['treino-02']) retrieved from /opt/airflow/dags/treino02.py
[2023-04-25T22:58:30.833+0000] {logging_mixin.py:137} INFO - [2023-04-25T22:58:30.833+0000] {dag.py:2705} INFO - Sync 1 DAGs
[2023-04-25T22:58:30.862+0000] {logging_mixin.py:137} INFO - [2023-04-25T22:58:30.861+0000] {dag.py:3456} INFO - Setting next_dagrun for treino-02 to 2023-04-23T19:00:00+00:00, run_after=2023-04-23T19:02:00+00:00
[2023-04-25T22:58:30.887+0000] {processor.py:175} INFO - Processing /opt/airflow/dags/treino02.py took 0.666 seconds
[2023-04-25T22:59:01.369+0000] {processor.py:153} INFO - Started process (PID=2082) to work on /opt/airflow/dags/treino02.py
[2023-04-25T22:59:01.372+0000] {processor.py:743} INFO - Processing file /opt/airflow/dags/treino02.py for tasks to queue
[2023-04-25T22:59:01.373+0000] {logging_mixin.py:137} INFO - [2023-04-25T22:59:01.373+0000] {dagbag.py:532} INFO - Filling up the DagBag from /opt/airflow/dags/treino02.py
[2023-04-25T22:59:02.035+0000] {processor.py:753} INFO - DAG(s) dict_keys(['treino-02']) retrieved from /opt/airflow/dags/treino02.py
[2023-04-25T22:59:02.073+0000] {logging_mixin.py:137} INFO - [2023-04-25T22:59:02.072+0000] {dag.py:2705} INFO - Sync 1 DAGs
[2023-04-25T22:59:02.132+0000] {logging_mixin.py:137} INFO - [2023-04-25T22:59:02.132+0000] {dag.py:3456} INFO - Setting next_dagrun for treino-02 to 2023-04-23T19:00:00+00:00, run_after=2023-04-23T19:02:00+00:00
[2023-04-25T22:59:02.147+0000] {processor.py:175} INFO - Processing /opt/airflow/dags/treino02.py took 0.783 seconds
[2023-04-25T22:59:32.938+0000] {processor.py:153} INFO - Started process (PID=2138) to work on /opt/airflow/dags/treino02.py
[2023-04-25T22:59:32.941+0000] {processor.py:743} INFO - Processing file /opt/airflow/dags/treino02.py for tasks to queue
[2023-04-25T22:59:32.942+0000] {logging_mixin.py:137} INFO - [2023-04-25T22:59:32.942+0000] {dagbag.py:532} INFO - Filling up the DagBag from /opt/airflow/dags/treino02.py
[2023-04-25T22:59:33.483+0000] {processor.py:753} INFO - DAG(s) dict_keys(['treino-02']) retrieved from /opt/airflow/dags/treino02.py
[2023-04-25T22:59:33.507+0000] {logging_mixin.py:137} INFO - [2023-04-25T22:59:33.507+0000] {dag.py:2705} INFO - Sync 1 DAGs
[2023-04-25T22:59:33.528+0000] {logging_mixin.py:137} INFO - [2023-04-25T22:59:33.528+0000] {dag.py:3456} INFO - Setting next_dagrun for treino-02 to 2023-04-23T19:00:00+00:00, run_after=2023-04-23T19:02:00+00:00
[2023-04-25T22:59:33.541+0000] {processor.py:175} INFO - Processing /opt/airflow/dags/treino02.py took 0.609 seconds
[2023-04-25T23:00:04.443+0000] {processor.py:153} INFO - Started process (PID=2191) to work on /opt/airflow/dags/treino02.py
[2023-04-25T23:00:04.448+0000] {processor.py:743} INFO - Processing file /opt/airflow/dags/treino02.py for tasks to queue
[2023-04-25T23:00:04.450+0000] {logging_mixin.py:137} INFO - [2023-04-25T23:00:04.449+0000] {dagbag.py:532} INFO - Filling up the DagBag from /opt/airflow/dags/treino02.py
[2023-04-25T23:00:05.102+0000] {processor.py:753} INFO - DAG(s) dict_keys(['treino-02']) retrieved from /opt/airflow/dags/treino02.py
[2023-04-25T23:00:05.132+0000] {logging_mixin.py:137} INFO - [2023-04-25T23:00:05.131+0000] {dag.py:2705} INFO - Sync 1 DAGs
[2023-04-25T23:00:05.162+0000] {logging_mixin.py:137} INFO - [2023-04-25T23:00:05.161+0000] {dag.py:3456} INFO - Setting next_dagrun for treino-02 to 2023-04-23T19:00:00+00:00, run_after=2023-04-23T19:02:00+00:00
[2023-04-25T23:00:05.177+0000] {processor.py:175} INFO - Processing /opt/airflow/dags/treino02.py took 0.752 seconds
[2023-04-25T23:00:36.130+0000] {processor.py:153} INFO - Started process (PID=2246) to work on /opt/airflow/dags/treino02.py
[2023-04-25T23:00:36.133+0000] {processor.py:743} INFO - Processing file /opt/airflow/dags/treino02.py for tasks to queue
[2023-04-25T23:00:36.135+0000] {logging_mixin.py:137} INFO - [2023-04-25T23:00:36.135+0000] {dagbag.py:532} INFO - Filling up the DagBag from /opt/airflow/dags/treino02.py
[2023-04-25T23:00:36.713+0000] {processor.py:753} INFO - DAG(s) dict_keys(['treino-02']) retrieved from /opt/airflow/dags/treino02.py
[2023-04-25T23:00:36.737+0000] {logging_mixin.py:137} INFO - [2023-04-25T23:00:36.737+0000] {dag.py:2705} INFO - Sync 1 DAGs
[2023-04-25T23:00:36.758+0000] {logging_mixin.py:137} INFO - [2023-04-25T23:00:36.758+0000] {dag.py:3456} INFO - Setting next_dagrun for treino-02 to 2023-04-23T19:00:00+00:00, run_after=2023-04-23T19:02:00+00:00
[2023-04-25T23:00:36.771+0000] {processor.py:175} INFO - Processing /opt/airflow/dags/treino02.py took 0.650 seconds
[2023-04-25T23:00:39.130+0000] {processor.py:153} INFO - Started process (PID=2266) to work on /opt/airflow/dags/treino02.py
[2023-04-25T23:00:39.131+0000] {processor.py:743} INFO - Processing file /opt/airflow/dags/treino02.py for tasks to queue
[2023-04-25T23:00:39.132+0000] {logging_mixin.py:137} INFO - [2023-04-25T23:00:39.132+0000] {dagbag.py:532} INFO - Filling up the DagBag from /opt/airflow/dags/treino02.py
[2023-04-25T23:00:39.738+0000] {processor.py:753} INFO - DAG(s) dict_keys(['treino-02']) retrieved from /opt/airflow/dags/treino02.py
[2023-04-25T23:00:39.811+0000] {logging_mixin.py:137} INFO - [2023-04-25T23:00:39.811+0000] {dag.py:2705} INFO - Sync 1 DAGs
[2023-04-25T23:00:39.832+0000] {logging_mixin.py:137} INFO - [2023-04-25T23:00:39.832+0000] {dag.py:3456} INFO - Setting next_dagrun for treino-02 to 2023-04-23T19:00:00+00:00, run_after=2023-04-23T19:02:00+00:00
[2023-04-25T23:00:39.851+0000] {processor.py:175} INFO - Processing /opt/airflow/dags/treino02.py took 0.725 seconds
[2023-04-25T23:00:44.277+0000] {processor.py:153} INFO - Started process (PID=2273) to work on /opt/airflow/dags/treino02.py
[2023-04-25T23:00:44.279+0000] {processor.py:743} INFO - Processing file /opt/airflow/dags/treino02.py for tasks to queue
[2023-04-25T23:00:44.281+0000] {logging_mixin.py:137} INFO - [2023-04-25T23:00:44.281+0000] {dagbag.py:532} INFO - Filling up the DagBag from /opt/airflow/dags/treino02.py
[2023-04-25T23:00:44.979+0000] {processor.py:753} INFO - DAG(s) dict_keys(['treino-02']) retrieved from /opt/airflow/dags/treino02.py
[2023-04-25T23:00:45.014+0000] {logging_mixin.py:137} INFO - [2023-04-25T23:00:45.013+0000] {dag.py:2705} INFO - Sync 1 DAGs
[2023-04-25T23:00:45.051+0000] {logging_mixin.py:137} INFO - [2023-04-25T23:00:45.051+0000] {dag.py:3456} INFO - Setting next_dagrun for treino-02 to 2023-04-23T19:00:00+00:00, run_after=2023-04-23T19:02:00+00:00
[2023-04-25T23:00:45.069+0000] {processor.py:175} INFO - Processing /opt/airflow/dags/treino02.py took 0.798 seconds
[2023-04-25T23:01:16.034+0000] {processor.py:153} INFO - Started process (PID=2326) to work on /opt/airflow/dags/treino02.py
[2023-04-25T23:01:16.037+0000] {processor.py:743} INFO - Processing file /opt/airflow/dags/treino02.py for tasks to queue
[2023-04-25T23:01:16.039+0000] {logging_mixin.py:137} INFO - [2023-04-25T23:01:16.039+0000] {dagbag.py:532} INFO - Filling up the DagBag from /opt/airflow/dags/treino02.py
[2023-04-25T23:01:16.914+0000] {processor.py:753} INFO - DAG(s) dict_keys(['treino-02']) retrieved from /opt/airflow/dags/treino02.py
[2023-04-25T23:01:16.953+0000] {logging_mixin.py:137} INFO - [2023-04-25T23:01:16.952+0000] {dag.py:2705} INFO - Sync 1 DAGs
[2023-04-25T23:01:16.991+0000] {logging_mixin.py:137} INFO - [2023-04-25T23:01:16.991+0000] {dag.py:3456} INFO - Setting next_dagrun for treino-02 to 2023-04-23T19:00:00+00:00, run_after=2023-04-23T19:02:00+00:00
[2023-04-25T23:01:17.016+0000] {processor.py:175} INFO - Processing /opt/airflow/dags/treino02.py took 0.988 seconds
[2023-04-25T23:01:47.781+0000] {processor.py:153} INFO - Started process (PID=2380) to work on /opt/airflow/dags/treino02.py
[2023-04-25T23:01:47.783+0000] {processor.py:743} INFO - Processing file /opt/airflow/dags/treino02.py for tasks to queue
[2023-04-25T23:01:47.785+0000] {logging_mixin.py:137} INFO - [2023-04-25T23:01:47.785+0000] {dagbag.py:532} INFO - Filling up the DagBag from /opt/airflow/dags/treino02.py
[2023-04-25T23:01:48.425+0000] {processor.py:753} INFO - DAG(s) dict_keys(['treino-02']) retrieved from /opt/airflow/dags/treino02.py
[2023-04-25T23:01:48.457+0000] {logging_mixin.py:137} INFO - [2023-04-25T23:01:48.457+0000] {dag.py:2705} INFO - Sync 1 DAGs
[2023-04-25T23:01:48.481+0000] {logging_mixin.py:137} INFO - [2023-04-25T23:01:48.481+0000] {dag.py:3456} INFO - Setting next_dagrun for treino-02 to 2023-04-23T19:00:00+00:00, run_after=2023-04-23T19:02:00+00:00
[2023-04-25T23:01:48.500+0000] {processor.py:175} INFO - Processing /opt/airflow/dags/treino02.py took 0.724 seconds
[2023-04-25T23:01:56.695+0000] {processor.py:153} INFO - Started process (PID=2388) to work on /opt/airflow/dags/treino02.py
[2023-04-25T23:01:56.698+0000] {processor.py:743} INFO - Processing file /opt/airflow/dags/treino02.py for tasks to queue
[2023-04-25T23:01:56.700+0000] {logging_mixin.py:137} INFO - [2023-04-25T23:01:56.700+0000] {dagbag.py:532} INFO - Filling up the DagBag from /opt/airflow/dags/treino02.py
[2023-04-25T23:01:57.548+0000] {processor.py:753} INFO - DAG(s) dict_keys(['treino-02']) retrieved from /opt/airflow/dags/treino02.py
[2023-04-25T23:01:57.630+0000] {logging_mixin.py:137} INFO - [2023-04-25T23:01:57.629+0000] {dag.py:2705} INFO - Sync 1 DAGs
[2023-04-25T23:01:57.652+0000] {logging_mixin.py:137} INFO - [2023-04-25T23:01:57.652+0000] {dag.py:3456} INFO - Setting next_dagrun for treino-02 to 2023-04-23T19:00:00+00:00, run_after=2023-04-23T19:02:00+00:00
[2023-04-25T23:01:57.675+0000] {processor.py:175} INFO - Processing /opt/airflow/dags/treino02.py took 0.988 seconds
[2023-04-25T23:02:28.239+0000] {processor.py:153} INFO - Started process (PID=2441) to work on /opt/airflow/dags/treino02.py
[2023-04-25T23:02:28.241+0000] {processor.py:743} INFO - Processing file /opt/airflow/dags/treino02.py for tasks to queue
[2023-04-25T23:02:28.242+0000] {logging_mixin.py:137} INFO - [2023-04-25T23:02:28.242+0000] {dagbag.py:532} INFO - Filling up the DagBag from /opt/airflow/dags/treino02.py
[2023-04-25T23:02:28.803+0000] {processor.py:753} INFO - DAG(s) dict_keys(['treino-02']) retrieved from /opt/airflow/dags/treino02.py
[2023-04-25T23:02:28.848+0000] {logging_mixin.py:137} INFO - [2023-04-25T23:02:28.847+0000] {dag.py:2705} INFO - Sync 1 DAGs
[2023-04-25T23:02:28.882+0000] {logging_mixin.py:137} INFO - [2023-04-25T23:02:28.882+0000] {dag.py:3456} INFO - Setting next_dagrun for treino-02 to 2023-04-23T19:00:00+00:00, run_after=2023-04-23T19:02:00+00:00
[2023-04-25T23:02:28.899+0000] {processor.py:175} INFO - Processing /opt/airflow/dags/treino02.py took 0.665 seconds
[2023-04-25T23:02:59.516+0000] {processor.py:153} INFO - Started process (PID=2494) to work on /opt/airflow/dags/treino02.py
[2023-04-25T23:02:59.518+0000] {processor.py:743} INFO - Processing file /opt/airflow/dags/treino02.py for tasks to queue
[2023-04-25T23:02:59.520+0000] {logging_mixin.py:137} INFO - [2023-04-25T23:02:59.520+0000] {dagbag.py:532} INFO - Filling up the DagBag from /opt/airflow/dags/treino02.py
[2023-04-25T23:03:00.139+0000] {processor.py:753} INFO - DAG(s) dict_keys(['treino-02']) retrieved from /opt/airflow/dags/treino02.py
[2023-04-25T23:03:00.166+0000] {logging_mixin.py:137} INFO - [2023-04-25T23:03:00.165+0000] {dag.py:2705} INFO - Sync 1 DAGs
[2023-04-25T23:03:00.186+0000] {logging_mixin.py:137} INFO - [2023-04-25T23:03:00.186+0000] {dag.py:3456} INFO - Setting next_dagrun for treino-02 to 2023-04-23T19:00:00+00:00, run_after=2023-04-23T19:02:00+00:00
[2023-04-25T23:03:00.199+0000] {processor.py:175} INFO - Processing /opt/airflow/dags/treino02.py took 0.692 seconds
[2023-04-25T23:03:30.247+0000] {processor.py:153} INFO - Started process (PID=2550) to work on /opt/airflow/dags/treino02.py
[2023-04-25T23:03:30.248+0000] {processor.py:743} INFO - Processing file /opt/airflow/dags/treino02.py for tasks to queue
[2023-04-25T23:03:30.249+0000] {logging_mixin.py:137} INFO - [2023-04-25T23:03:30.249+0000] {dagbag.py:532} INFO - Filling up the DagBag from /opt/airflow/dags/treino02.py
[2023-04-25T23:03:30.721+0000] {processor.py:753} INFO - DAG(s) dict_keys(['treino-02']) retrieved from /opt/airflow/dags/treino02.py
[2023-04-25T23:03:30.743+0000] {logging_mixin.py:137} INFO - [2023-04-25T23:03:30.742+0000] {dag.py:2705} INFO - Sync 1 DAGs
[2023-04-25T23:03:30.767+0000] {logging_mixin.py:137} INFO - [2023-04-25T23:03:30.767+0000] {dag.py:3456} INFO - Setting next_dagrun for treino-02 to 2023-04-23T19:00:00+00:00, run_after=2023-04-23T19:02:00+00:00
[2023-04-25T23:03:30.780+0000] {processor.py:175} INFO - Processing /opt/airflow/dags/treino02.py took 0.537 seconds
[2023-04-25T23:04:00.850+0000] {processor.py:153} INFO - Started process (PID=2605) to work on /opt/airflow/dags/treino02.py
[2023-04-25T23:04:00.852+0000] {processor.py:743} INFO - Processing file /opt/airflow/dags/treino02.py for tasks to queue
[2023-04-25T23:04:00.854+0000] {logging_mixin.py:137} INFO - [2023-04-25T23:04:00.854+0000] {dagbag.py:532} INFO - Filling up the DagBag from /opt/airflow/dags/treino02.py
[2023-04-25T23:04:01.704+0000] {processor.py:753} INFO - DAG(s) dict_keys(['treino-02']) retrieved from /opt/airflow/dags/treino02.py
[2023-04-25T23:04:01.730+0000] {logging_mixin.py:137} INFO - [2023-04-25T23:04:01.729+0000] {dag.py:2705} INFO - Sync 1 DAGs
[2023-04-25T23:04:01.752+0000] {logging_mixin.py:137} INFO - [2023-04-25T23:04:01.751+0000] {dag.py:3456} INFO - Setting next_dagrun for treino-02 to 2023-04-23T19:00:00+00:00, run_after=2023-04-23T19:02:00+00:00
[2023-04-25T23:04:01.766+0000] {processor.py:175} INFO - Processing /opt/airflow/dags/treino02.py took 0.921 seconds
[2023-04-25T23:04:26.790+0000] {processor.py:153} INFO - Started process (PID=2653) to work on /opt/airflow/dags/treino02.py
[2023-04-25T23:04:26.794+0000] {processor.py:743} INFO - Processing file /opt/airflow/dags/treino02.py for tasks to queue
[2023-04-25T23:04:26.797+0000] {logging_mixin.py:137} INFO - [2023-04-25T23:04:26.797+0000] {dagbag.py:532} INFO - Filling up the DagBag from /opt/airflow/dags/treino02.py
[2023-04-25T23:04:27.424+0000] {processor.py:753} INFO - DAG(s) dict_keys(['treino-02']) retrieved from /opt/airflow/dags/treino02.py
[2023-04-25T23:04:27.463+0000] {logging_mixin.py:137} INFO - [2023-04-25T23:04:27.462+0000] {dag.py:2705} INFO - Sync 1 DAGs
[2023-04-25T23:04:27.491+0000] {logging_mixin.py:137} INFO - [2023-04-25T23:04:27.490+0000] {dag.py:3456} INFO - Setting next_dagrun for treino-02 to 2023-04-23T19:00:00+00:00, run_after=2023-04-23T19:02:00+00:00
[2023-04-25T23:04:27.514+0000] {processor.py:175} INFO - Processing /opt/airflow/dags/treino02.py took 0.733 seconds
[2023-04-25T23:04:58.329+0000] {processor.py:153} INFO - Started process (PID=2706) to work on /opt/airflow/dags/treino02.py
[2023-04-25T23:04:58.331+0000] {processor.py:743} INFO - Processing file /opt/airflow/dags/treino02.py for tasks to queue
[2023-04-25T23:04:58.332+0000] {logging_mixin.py:137} INFO - [2023-04-25T23:04:58.332+0000] {dagbag.py:532} INFO - Filling up the DagBag from /opt/airflow/dags/treino02.py
[2023-04-25T23:04:58.920+0000] {processor.py:753} INFO - DAG(s) dict_keys(['treino-02']) retrieved from /opt/airflow/dags/treino02.py
[2023-04-25T23:04:58.948+0000] {logging_mixin.py:137} INFO - [2023-04-25T23:04:58.948+0000] {dag.py:2705} INFO - Sync 1 DAGs
[2023-04-25T23:04:58.969+0000] {logging_mixin.py:137} INFO - [2023-04-25T23:04:58.969+0000] {dag.py:3456} INFO - Setting next_dagrun for treino-02 to 2023-04-23T19:00:00+00:00, run_after=2023-04-23T19:02:00+00:00
[2023-04-25T23:04:58.984+0000] {processor.py:175} INFO - Processing /opt/airflow/dags/treino02.py took 0.661 seconds
[2023-04-25T23:05:29.646+0000] {processor.py:153} INFO - Started process (PID=2759) to work on /opt/airflow/dags/treino02.py
[2023-04-25T23:05:29.649+0000] {processor.py:743} INFO - Processing file /opt/airflow/dags/treino02.py for tasks to queue
[2023-04-25T23:05:29.650+0000] {logging_mixin.py:137} INFO - [2023-04-25T23:05:29.650+0000] {dagbag.py:532} INFO - Filling up the DagBag from /opt/airflow/dags/treino02.py
[2023-04-25T23:05:30.198+0000] {processor.py:753} INFO - DAG(s) dict_keys(['treino-02']) retrieved from /opt/airflow/dags/treino02.py
[2023-04-25T23:05:30.222+0000] {logging_mixin.py:137} INFO - [2023-04-25T23:05:30.222+0000] {dag.py:2705} INFO - Sync 1 DAGs
[2023-04-25T23:05:30.242+0000] {logging_mixin.py:137} INFO - [2023-04-25T23:05:30.242+0000] {dag.py:3456} INFO - Setting next_dagrun for treino-02 to 2023-04-23T19:00:00+00:00, run_after=2023-04-23T19:02:00+00:00
[2023-04-25T23:05:30.256+0000] {processor.py:175} INFO - Processing /opt/airflow/dags/treino02.py took 0.619 seconds
[2023-04-25T23:06:01.005+0000] {processor.py:153} INFO - Started process (PID=2812) to work on /opt/airflow/dags/treino02.py
[2023-04-25T23:06:01.006+0000] {processor.py:743} INFO - Processing file /opt/airflow/dags/treino02.py for tasks to queue
[2023-04-25T23:06:01.007+0000] {logging_mixin.py:137} INFO - [2023-04-25T23:06:01.007+0000] {dagbag.py:532} INFO - Filling up the DagBag from /opt/airflow/dags/treino02.py
[2023-04-25T23:06:01.610+0000] {processor.py:753} INFO - DAG(s) dict_keys(['treino-02']) retrieved from /opt/airflow/dags/treino02.py
[2023-04-25T23:06:01.639+0000] {logging_mixin.py:137} INFO - [2023-04-25T23:06:01.639+0000] {dag.py:2705} INFO - Sync 1 DAGs
[2023-04-25T23:06:01.672+0000] {logging_mixin.py:137} INFO - [2023-04-25T23:06:01.672+0000] {dag.py:3456} INFO - Setting next_dagrun for treino-02 to 2023-04-23T19:00:00+00:00, run_after=2023-04-23T19:02:00+00:00
[2023-04-25T23:06:01.689+0000] {processor.py:175} INFO - Processing /opt/airflow/dags/treino02.py took 0.689 seconds
[2023-04-25T23:06:32.250+0000] {processor.py:153} INFO - Started process (PID=2866) to work on /opt/airflow/dags/treino02.py
[2023-04-25T23:06:32.252+0000] {processor.py:743} INFO - Processing file /opt/airflow/dags/treino02.py for tasks to queue
[2023-04-25T23:06:32.254+0000] {logging_mixin.py:137} INFO - [2023-04-25T23:06:32.253+0000] {dagbag.py:532} INFO - Filling up the DagBag from /opt/airflow/dags/treino02.py
[2023-04-25T23:06:32.803+0000] {processor.py:753} INFO - DAG(s) dict_keys(['treino-02']) retrieved from /opt/airflow/dags/treino02.py
[2023-04-25T23:06:32.827+0000] {logging_mixin.py:137} INFO - [2023-04-25T23:06:32.826+0000] {dag.py:2705} INFO - Sync 1 DAGs
[2023-04-25T23:06:32.848+0000] {logging_mixin.py:137} INFO - [2023-04-25T23:06:32.848+0000] {dag.py:3456} INFO - Setting next_dagrun for treino-02 to 2023-04-23T19:00:00+00:00, run_after=2023-04-23T19:02:00+00:00
[2023-04-25T23:06:32.860+0000] {processor.py:175} INFO - Processing /opt/airflow/dags/treino02.py took 0.620 seconds
[2023-04-25T23:07:03.027+0000] {processor.py:153} INFO - Started process (PID=2919) to work on /opt/airflow/dags/treino02.py
[2023-04-25T23:07:03.031+0000] {processor.py:743} INFO - Processing file /opt/airflow/dags/treino02.py for tasks to queue
[2023-04-25T23:07:03.034+0000] {logging_mixin.py:137} INFO - [2023-04-25T23:07:03.034+0000] {dagbag.py:532} INFO - Filling up the DagBag from /opt/airflow/dags/treino02.py
[2023-04-25T23:07:03.768+0000] {processor.py:753} INFO - DAG(s) dict_keys(['treino-02']) retrieved from /opt/airflow/dags/treino02.py
[2023-04-25T23:07:03.815+0000] {logging_mixin.py:137} INFO - [2023-04-25T23:07:03.814+0000] {dag.py:2705} INFO - Sync 1 DAGs
[2023-04-25T23:07:03.859+0000] {logging_mixin.py:137} INFO - [2023-04-25T23:07:03.859+0000] {dag.py:3456} INFO - Setting next_dagrun for treino-02 to 2023-04-23T19:00:00+00:00, run_after=2023-04-23T19:02:00+00:00
[2023-04-25T23:07:03.883+0000] {processor.py:175} INFO - Processing /opt/airflow/dags/treino02.py took 0.866 seconds
[2023-04-25T23:07:33.125+0000] {processor.py:153} INFO - Started process (PID=2972) to work on /opt/airflow/dags/treino02.py
[2023-04-25T23:07:33.127+0000] {processor.py:743} INFO - Processing file /opt/airflow/dags/treino02.py for tasks to queue
[2023-04-25T23:07:33.128+0000] {logging_mixin.py:137} INFO - [2023-04-25T23:07:33.128+0000] {dagbag.py:532} INFO - Filling up the DagBag from /opt/airflow/dags/treino02.py
[2023-04-25T23:07:33.806+0000] {processor.py:753} INFO - DAG(s) dict_keys(['treino-02']) retrieved from /opt/airflow/dags/treino02.py
[2023-04-25T23:07:33.844+0000] {logging_mixin.py:137} INFO - [2023-04-25T23:07:33.843+0000] {dag.py:2705} INFO - Sync 1 DAGs
[2023-04-25T23:07:33.883+0000] {logging_mixin.py:137} INFO - [2023-04-25T23:07:33.883+0000] {dag.py:3456} INFO - Setting next_dagrun for treino-02 to 2023-04-23T19:00:00+00:00, run_after=2023-04-23T19:02:00+00:00
[2023-04-25T23:07:33.900+0000] {processor.py:175} INFO - Processing /opt/airflow/dags/treino02.py took 0.781 seconds
[2023-04-25T23:07:47.364+0000] {processor.py:153} INFO - Started process (PID=3018) to work on /opt/airflow/dags/treino02.py
[2023-04-25T23:07:47.368+0000] {processor.py:743} INFO - Processing file /opt/airflow/dags/treino02.py for tasks to queue
[2023-04-25T23:07:47.370+0000] {logging_mixin.py:137} INFO - [2023-04-25T23:07:47.370+0000] {dagbag.py:532} INFO - Filling up the DagBag from /opt/airflow/dags/treino02.py
[2023-04-25T23:07:48.314+0000] {processor.py:753} INFO - DAG(s) dict_keys(['treino-02']) retrieved from /opt/airflow/dags/treino02.py
[2023-04-25T23:07:48.363+0000] {logging_mixin.py:137} INFO - [2023-04-25T23:07:48.362+0000] {dag.py:2705} INFO - Sync 1 DAGs
[2023-04-25T23:07:48.389+0000] {logging_mixin.py:137} INFO - [2023-04-25T23:07:48.389+0000] {dag.py:3456} INFO - Setting next_dagrun for treino-02 to 2023-04-23T19:00:00+00:00, run_after=2023-04-23T19:02:00+00:00
[2023-04-25T23:07:48.410+0000] {processor.py:175} INFO - Processing /opt/airflow/dags/treino02.py took 1.056 seconds
[2023-04-25T23:08:18.786+0000] {processor.py:153} INFO - Started process (PID=3071) to work on /opt/airflow/dags/treino02.py
[2023-04-25T23:08:18.788+0000] {processor.py:743} INFO - Processing file /opt/airflow/dags/treino02.py for tasks to queue
[2023-04-25T23:08:18.789+0000] {logging_mixin.py:137} INFO - [2023-04-25T23:08:18.789+0000] {dagbag.py:532} INFO - Filling up the DagBag from /opt/airflow/dags/treino02.py
[2023-04-25T23:08:19.157+0000] {processor.py:753} INFO - DAG(s) dict_keys(['treino-02']) retrieved from /opt/airflow/dags/treino02.py
[2023-04-25T23:08:19.185+0000] {logging_mixin.py:137} INFO - [2023-04-25T23:08:19.185+0000] {dag.py:2705} INFO - Sync 1 DAGs
[2023-04-25T23:08:19.207+0000] {logging_mixin.py:137} INFO - [2023-04-25T23:08:19.206+0000] {dag.py:3456} INFO - Setting next_dagrun for treino-02 to 2023-04-23T19:00:00+00:00, run_after=2023-04-23T19:02:00+00:00
[2023-04-25T23:08:19.222+0000] {processor.py:175} INFO - Processing /opt/airflow/dags/treino02.py took 0.440 seconds
[2023-04-25T23:08:49.625+0000] {processor.py:153} INFO - Started process (PID=3124) to work on /opt/airflow/dags/treino02.py
[2023-04-25T23:08:49.627+0000] {processor.py:743} INFO - Processing file /opt/airflow/dags/treino02.py for tasks to queue
[2023-04-25T23:08:49.628+0000] {logging_mixin.py:137} INFO - [2023-04-25T23:08:49.628+0000] {dagbag.py:532} INFO - Filling up the DagBag from /opt/airflow/dags/treino02.py
[2023-04-25T23:08:49.975+0000] {processor.py:753} INFO - DAG(s) dict_keys(['treino-02']) retrieved from /opt/airflow/dags/treino02.py
[2023-04-25T23:08:49.997+0000] {logging_mixin.py:137} INFO - [2023-04-25T23:08:49.997+0000] {dag.py:2705} INFO - Sync 1 DAGs
[2023-04-25T23:08:50.016+0000] {logging_mixin.py:137} INFO - [2023-04-25T23:08:50.016+0000] {dag.py:3456} INFO - Setting next_dagrun for treino-02 to 2023-04-23T19:00:00+00:00, run_after=2023-04-23T19:02:00+00:00
[2023-04-25T23:08:50.029+0000] {processor.py:175} INFO - Processing /opt/airflow/dags/treino02.py took 0.411 seconds
[2023-04-25T23:09:20.566+0000] {processor.py:153} INFO - Started process (PID=3178) to work on /opt/airflow/dags/treino02.py
[2023-04-25T23:09:20.568+0000] {processor.py:743} INFO - Processing file /opt/airflow/dags/treino02.py for tasks to queue
[2023-04-25T23:09:20.570+0000] {logging_mixin.py:137} INFO - [2023-04-25T23:09:20.569+0000] {dagbag.py:532} INFO - Filling up the DagBag from /opt/airflow/dags/treino02.py
[2023-04-25T23:09:20.918+0000] {processor.py:753} INFO - DAG(s) dict_keys(['treino-02']) retrieved from /opt/airflow/dags/treino02.py
[2023-04-25T23:09:20.939+0000] {logging_mixin.py:137} INFO - [2023-04-25T23:09:20.938+0000] {dag.py:2705} INFO - Sync 1 DAGs
[2023-04-25T23:09:20.960+0000] {logging_mixin.py:137} INFO - [2023-04-25T23:09:20.960+0000] {dag.py:3456} INFO - Setting next_dagrun for treino-02 to 2023-04-23T19:00:00+00:00, run_after=2023-04-23T19:02:00+00:00
[2023-04-25T23:09:20.973+0000] {processor.py:175} INFO - Processing /opt/airflow/dags/treino02.py took 0.414 seconds
[2023-04-25T23:09:51.381+0000] {processor.py:153} INFO - Started process (PID=3231) to work on /opt/airflow/dags/treino02.py
[2023-04-25T23:09:51.383+0000] {processor.py:743} INFO - Processing file /opt/airflow/dags/treino02.py for tasks to queue
[2023-04-25T23:09:51.384+0000] {logging_mixin.py:137} INFO - [2023-04-25T23:09:51.384+0000] {dagbag.py:532} INFO - Filling up the DagBag from /opt/airflow/dags/treino02.py
[2023-04-25T23:09:51.729+0000] {processor.py:753} INFO - DAG(s) dict_keys(['treino-02']) retrieved from /opt/airflow/dags/treino02.py
[2023-04-25T23:09:51.751+0000] {logging_mixin.py:137} INFO - [2023-04-25T23:09:51.750+0000] {dag.py:2705} INFO - Sync 1 DAGs
[2023-04-25T23:09:51.770+0000] {logging_mixin.py:137} INFO - [2023-04-25T23:09:51.770+0000] {dag.py:3456} INFO - Setting next_dagrun for treino-02 to 2023-04-23T19:00:00+00:00, run_after=2023-04-23T19:02:00+00:00
[2023-04-25T23:09:51.783+0000] {processor.py:175} INFO - Processing /opt/airflow/dags/treino02.py took 0.408 seconds
[2023-04-25T23:10:22.325+0000] {processor.py:153} INFO - Started process (PID=3283) to work on /opt/airflow/dags/treino02.py
[2023-04-25T23:10:22.329+0000] {processor.py:743} INFO - Processing file /opt/airflow/dags/treino02.py for tasks to queue
[2023-04-25T23:10:22.331+0000] {logging_mixin.py:137} INFO - [2023-04-25T23:10:22.331+0000] {dagbag.py:532} INFO - Filling up the DagBag from /opt/airflow/dags/treino02.py
[2023-04-25T23:10:22.855+0000] {processor.py:753} INFO - DAG(s) dict_keys(['treino-02']) retrieved from /opt/airflow/dags/treino02.py
[2023-04-25T23:10:22.899+0000] {logging_mixin.py:137} INFO - [2023-04-25T23:10:22.899+0000] {dag.py:2705} INFO - Sync 1 DAGs
[2023-04-25T23:10:22.928+0000] {logging_mixin.py:137} INFO - [2023-04-25T23:10:22.927+0000] {dag.py:3456} INFO - Setting next_dagrun for treino-02 to 2023-04-23T19:00:00+00:00, run_after=2023-04-23T19:02:00+00:00
[2023-04-25T23:10:22.950+0000] {processor.py:175} INFO - Processing /opt/airflow/dags/treino02.py took 0.634 seconds
[2023-04-25T23:10:46.027+0000] {processor.py:153} INFO - Started process (PID=3311) to work on /opt/airflow/dags/treino02.py
[2023-04-25T23:10:46.030+0000] {processor.py:743} INFO - Processing file /opt/airflow/dags/treino02.py for tasks to queue
[2023-04-25T23:10:46.031+0000] {logging_mixin.py:137} INFO - [2023-04-25T23:10:46.031+0000] {dagbag.py:532} INFO - Filling up the DagBag from /opt/airflow/dags/treino02.py
[2023-04-25T23:10:46.670+0000] {logging_mixin.py:137} INFO - [2023-04-25T23:10:46.660+0000] {dagbag.py:438} ERROR - Failed to bag_dag: /opt/airflow/dags/treino02.py
Traceback (most recent call last):
  File "/home/airflow/.local/lib/python3.7/site-packages/croniter/croniter.py", line 172, in _alphaconv
    return cls.ALPHACONV[index][key]
KeyError: '/2'

During handling of the above exception, another exception occurred:

Traceback (most recent call last):
  File "/home/airflow/.local/lib/python3.7/site-packages/airflow/timetables/_cron.py", line 88, in validate
    croniter(self._expression)
  File "/home/airflow/.local/lib/python3.7/site-packages/croniter/croniter.py", line 166, in __init__
    self.expanded, self.nth_weekday_of_month = self.expand(expr_format, hash_id=hash_id)
  File "/home/airflow/.local/lib/python3.7/site-packages/croniter/croniter.py", line 778, in expand
    return cls._expand(expr_format, hash_id=hash_id)
  File "/home/airflow/.local/lib/python3.7/site-packages/croniter/croniter.py", line 721, in _expand
    t = cls._alphaconv(i, t, expressions)
  File "/home/airflow/.local/lib/python3.7/site-packages/croniter/croniter.py", line 175, in _alphaconv
    "[{0}] is not acceptable".format(" ".join(expressions)))
croniter.croniter.CroniterNotAlphaError: [* /2 * * * *] is not acceptable

During handling of the above exception, another exception occurred:

Traceback (most recent call last):
  File "/home/airflow/.local/lib/python3.7/site-packages/airflow/models/dagbag.py", line 435, in _process_modules
    dag.validate()
  File "/home/airflow/.local/lib/python3.7/site-packages/airflow/models/dag.py", line 669, in validate
    self.timetable.validate()
  File "/home/airflow/.local/lib/python3.7/site-packages/airflow/timetables/_cron.py", line 90, in validate
    raise AirflowTimetableInvalid(str(e))
airflow.exceptions.AirflowTimetableInvalid: [* /2 * * * *] is not acceptable
[2023-04-25T23:10:46.671+0000] {processor.py:755} WARNING - No viable dags retrieved from /opt/airflow/dags/treino02.py
[2023-04-25T23:10:46.698+0000] {processor.py:175} INFO - Processing /opt/airflow/dags/treino02.py took 0.679 seconds
[2023-04-25T23:11:06.977+0000] {processor.py:153} INFO - Started process (PID=3345) to work on /opt/airflow/dags/treino02.py
[2023-04-25T23:11:06.980+0000] {processor.py:743} INFO - Processing file /opt/airflow/dags/treino02.py for tasks to queue
[2023-04-25T23:11:06.982+0000] {logging_mixin.py:137} INFO - [2023-04-25T23:11:06.982+0000] {dagbag.py:532} INFO - Filling up the DagBag from /opt/airflow/dags/treino02.py
[2023-04-25T23:11:07.772+0000] {logging_mixin.py:137} INFO - [2023-04-25T23:11:07.770+0000] {dagbag.py:438} ERROR - Failed to bag_dag: /opt/airflow/dags/treino02.py
Traceback (most recent call last):
  File "/home/airflow/.local/lib/python3.7/site-packages/croniter/croniter.py", line 172, in _alphaconv
    return cls.ALPHACONV[index][key]
KeyError: '/2'

During handling of the above exception, another exception occurred:

Traceback (most recent call last):
  File "/home/airflow/.local/lib/python3.7/site-packages/airflow/timetables/_cron.py", line 88, in validate
    croniter(self._expression)
  File "/home/airflow/.local/lib/python3.7/site-packages/croniter/croniter.py", line 166, in __init__
    self.expanded, self.nth_weekday_of_month = self.expand(expr_format, hash_id=hash_id)
  File "/home/airflow/.local/lib/python3.7/site-packages/croniter/croniter.py", line 778, in expand
    return cls._expand(expr_format, hash_id=hash_id)
  File "/home/airflow/.local/lib/python3.7/site-packages/croniter/croniter.py", line 721, in _expand
    t = cls._alphaconv(i, t, expressions)
  File "/home/airflow/.local/lib/python3.7/site-packages/croniter/croniter.py", line 175, in _alphaconv
    "[{0}] is not acceptable".format(" ".join(expressions)))
croniter.croniter.CroniterNotAlphaError: [* /2 * * * *] is not acceptable

During handling of the above exception, another exception occurred:

Traceback (most recent call last):
  File "/home/airflow/.local/lib/python3.7/site-packages/airflow/models/dagbag.py", line 435, in _process_modules
    dag.validate()
  File "/home/airflow/.local/lib/python3.7/site-packages/airflow/models/dag.py", line 669, in validate
    self.timetable.validate()
  File "/home/airflow/.local/lib/python3.7/site-packages/airflow/timetables/_cron.py", line 90, in validate
    raise AirflowTimetableInvalid(str(e))
airflow.exceptions.AirflowTimetableInvalid: [* /2 * * * *] is not acceptable
[2023-04-25T23:11:07.776+0000] {processor.py:755} WARNING - No viable dags retrieved from /opt/airflow/dags/treino02.py
[2023-04-25T23:11:07.823+0000] {processor.py:175} INFO - Processing /opt/airflow/dags/treino02.py took 0.853 seconds
[2023-04-25T23:11:38.084+0000] {processor.py:153} INFO - Started process (PID=3398) to work on /opt/airflow/dags/treino02.py
[2023-04-25T23:11:38.087+0000] {processor.py:743} INFO - Processing file /opt/airflow/dags/treino02.py for tasks to queue
[2023-04-25T23:11:38.088+0000] {logging_mixin.py:137} INFO - [2023-04-25T23:11:38.088+0000] {dagbag.py:532} INFO - Filling up the DagBag from /opt/airflow/dags/treino02.py
[2023-04-25T23:11:38.671+0000] {logging_mixin.py:137} INFO - [2023-04-25T23:11:38.669+0000] {dagbag.py:438} ERROR - Failed to bag_dag: /opt/airflow/dags/treino02.py
Traceback (most recent call last):
  File "/home/airflow/.local/lib/python3.7/site-packages/croniter/croniter.py", line 172, in _alphaconv
    return cls.ALPHACONV[index][key]
KeyError: '/2'

During handling of the above exception, another exception occurred:

Traceback (most recent call last):
  File "/home/airflow/.local/lib/python3.7/site-packages/airflow/timetables/_cron.py", line 88, in validate
    croniter(self._expression)
  File "/home/airflow/.local/lib/python3.7/site-packages/croniter/croniter.py", line 166, in __init__
    self.expanded, self.nth_weekday_of_month = self.expand(expr_format, hash_id=hash_id)
  File "/home/airflow/.local/lib/python3.7/site-packages/croniter/croniter.py", line 778, in expand
    return cls._expand(expr_format, hash_id=hash_id)
  File "/home/airflow/.local/lib/python3.7/site-packages/croniter/croniter.py", line 721, in _expand
    t = cls._alphaconv(i, t, expressions)
  File "/home/airflow/.local/lib/python3.7/site-packages/croniter/croniter.py", line 175, in _alphaconv
    "[{0}] is not acceptable".format(" ".join(expressions)))
croniter.croniter.CroniterNotAlphaError: [* /2 * * * *] is not acceptable

During handling of the above exception, another exception occurred:

Traceback (most recent call last):
  File "/home/airflow/.local/lib/python3.7/site-packages/airflow/models/dagbag.py", line 435, in _process_modules
    dag.validate()
  File "/home/airflow/.local/lib/python3.7/site-packages/airflow/models/dag.py", line 669, in validate
    self.timetable.validate()
  File "/home/airflow/.local/lib/python3.7/site-packages/airflow/timetables/_cron.py", line 90, in validate
    raise AirflowTimetableInvalid(str(e))
airflow.exceptions.AirflowTimetableInvalid: [* /2 * * * *] is not acceptable
[2023-04-25T23:11:38.672+0000] {processor.py:755} WARNING - No viable dags retrieved from /opt/airflow/dags/treino02.py
[2023-04-25T23:11:38.690+0000] {processor.py:175} INFO - Processing /opt/airflow/dags/treino02.py took 0.617 seconds
[2023-04-25T23:12:08.955+0000] {processor.py:153} INFO - Started process (PID=3452) to work on /opt/airflow/dags/treino02.py
[2023-04-25T23:12:08.956+0000] {processor.py:743} INFO - Processing file /opt/airflow/dags/treino02.py for tasks to queue
[2023-04-25T23:12:08.957+0000] {logging_mixin.py:137} INFO - [2023-04-25T23:12:08.957+0000] {dagbag.py:532} INFO - Filling up the DagBag from /opt/airflow/dags/treino02.py
[2023-04-25T23:12:09.445+0000] {logging_mixin.py:137} INFO - [2023-04-25T23:12:09.442+0000] {dagbag.py:438} ERROR - Failed to bag_dag: /opt/airflow/dags/treino02.py
Traceback (most recent call last):
  File "/home/airflow/.local/lib/python3.7/site-packages/croniter/croniter.py", line 172, in _alphaconv
    return cls.ALPHACONV[index][key]
KeyError: '/2'

During handling of the above exception, another exception occurred:

Traceback (most recent call last):
  File "/home/airflow/.local/lib/python3.7/site-packages/airflow/timetables/_cron.py", line 88, in validate
    croniter(self._expression)
  File "/home/airflow/.local/lib/python3.7/site-packages/croniter/croniter.py", line 166, in __init__
    self.expanded, self.nth_weekday_of_month = self.expand(expr_format, hash_id=hash_id)
  File "/home/airflow/.local/lib/python3.7/site-packages/croniter/croniter.py", line 778, in expand
    return cls._expand(expr_format, hash_id=hash_id)
  File "/home/airflow/.local/lib/python3.7/site-packages/croniter/croniter.py", line 721, in _expand
    t = cls._alphaconv(i, t, expressions)
  File "/home/airflow/.local/lib/python3.7/site-packages/croniter/croniter.py", line 175, in _alphaconv
    "[{0}] is not acceptable".format(" ".join(expressions)))
croniter.croniter.CroniterNotAlphaError: [* /2 * * * *] is not acceptable

During handling of the above exception, another exception occurred:

Traceback (most recent call last):
  File "/home/airflow/.local/lib/python3.7/site-packages/airflow/models/dagbag.py", line 435, in _process_modules
    dag.validate()
  File "/home/airflow/.local/lib/python3.7/site-packages/airflow/models/dag.py", line 669, in validate
    self.timetable.validate()
  File "/home/airflow/.local/lib/python3.7/site-packages/airflow/timetables/_cron.py", line 90, in validate
    raise AirflowTimetableInvalid(str(e))
airflow.exceptions.AirflowTimetableInvalid: [* /2 * * * *] is not acceptable
[2023-04-25T23:12:09.446+0000] {processor.py:755} WARNING - No viable dags retrieved from /opt/airflow/dags/treino02.py
[2023-04-25T23:12:09.473+0000] {processor.py:175} INFO - Processing /opt/airflow/dags/treino02.py took 0.522 seconds
[2023-04-25T23:12:13.039+0000] {processor.py:153} INFO - Started process (PID=3464) to work on /opt/airflow/dags/treino02.py
[2023-04-25T23:12:13.043+0000] {processor.py:743} INFO - Processing file /opt/airflow/dags/treino02.py for tasks to queue
[2023-04-25T23:12:13.048+0000] {logging_mixin.py:137} INFO - [2023-04-25T23:12:13.046+0000] {dagbag.py:532} INFO - Filling up the DagBag from /opt/airflow/dags/treino02.py
[2023-04-25T23:12:14.102+0000] {processor.py:753} INFO - DAG(s) dict_keys(['treino-02']) retrieved from /opt/airflow/dags/treino02.py
[2023-04-25T23:12:14.202+0000] {logging_mixin.py:137} INFO - [2023-04-25T23:12:14.201+0000] {dag.py:2705} INFO - Sync 1 DAGs
[2023-04-25T23:12:14.232+0000] {logging_mixin.py:137} INFO - [2023-04-25T23:12:14.232+0000] {dag.py:3456} INFO - Setting next_dagrun for treino-02 to 2023-04-23T19:00:00+00:00, run_after=2023-04-23T19:02:00+00:00
[2023-04-25T23:12:14.256+0000] {processor.py:175} INFO - Processing /opt/airflow/dags/treino02.py took 1.231 seconds
[2023-04-25T23:12:44.878+0000] {processor.py:153} INFO - Started process (PID=3519) to work on /opt/airflow/dags/treino02.py
[2023-04-25T23:12:44.879+0000] {processor.py:743} INFO - Processing file /opt/airflow/dags/treino02.py for tasks to queue
[2023-04-25T23:12:44.882+0000] {logging_mixin.py:137} INFO - [2023-04-25T23:12:44.882+0000] {dagbag.py:532} INFO - Filling up the DagBag from /opt/airflow/dags/treino02.py
[2023-04-25T23:12:45.496+0000] {processor.py:753} INFO - DAG(s) dict_keys(['treino-02']) retrieved from /opt/airflow/dags/treino02.py
[2023-04-25T23:12:45.545+0000] {logging_mixin.py:137} INFO - [2023-04-25T23:12:45.545+0000] {dag.py:2705} INFO - Sync 1 DAGs
[2023-04-25T23:12:45.576+0000] {logging_mixin.py:137} INFO - [2023-04-25T23:12:45.576+0000] {dag.py:3456} INFO - Setting next_dagrun for treino-02 to 2023-04-23T19:00:00+00:00, run_after=2023-04-23T19:02:00+00:00
[2023-04-25T23:12:45.592+0000] {processor.py:175} INFO - Processing /opt/airflow/dags/treino02.py took 0.718 seconds
[2023-04-25T23:13:15.732+0000] {processor.py:153} INFO - Started process (PID=3574) to work on /opt/airflow/dags/treino02.py
[2023-04-25T23:13:15.734+0000] {processor.py:743} INFO - Processing file /opt/airflow/dags/treino02.py for tasks to queue
[2023-04-25T23:13:15.735+0000] {logging_mixin.py:137} INFO - [2023-04-25T23:13:15.735+0000] {dagbag.py:532} INFO - Filling up the DagBag from /opt/airflow/dags/treino02.py
[2023-04-25T23:13:16.379+0000] {processor.py:753} INFO - DAG(s) dict_keys(['treino-02']) retrieved from /opt/airflow/dags/treino02.py
[2023-04-25T23:13:16.419+0000] {logging_mixin.py:137} INFO - [2023-04-25T23:13:16.418+0000] {dag.py:2705} INFO - Sync 1 DAGs
[2023-04-25T23:13:16.446+0000] {logging_mixin.py:137} INFO - [2023-04-25T23:13:16.446+0000] {dag.py:3456} INFO - Setting next_dagrun for treino-02 to 2023-04-23T19:00:00+00:00, run_after=2023-04-23T19:02:00+00:00
[2023-04-25T23:13:16.462+0000] {processor.py:175} INFO - Processing /opt/airflow/dags/treino02.py took 0.738 seconds
[2023-04-25T23:14:08.645+0000] {processor.py:153} INFO - Started process (PID=3622) to work on /opt/airflow/dags/treino02.py
[2023-04-25T23:14:08.661+0000] {processor.py:743} INFO - Processing file /opt/airflow/dags/treino02.py for tasks to queue
[2023-04-25T23:14:08.678+0000] {logging_mixin.py:137} INFO - [2023-04-25T23:14:08.677+0000] {dagbag.py:532} INFO - Filling up the DagBag from /opt/airflow/dags/treino02.py
[2023-04-25T23:14:37.380+0000] {logging_mixin.py:137} INFO - [2023-04-25T23:14:36.917+0000] {timeout.py:68} ERROR - Process timed out, PID: 3622
[2023-04-25T23:14:37.662+0000] {logging_mixin.py:137} INFO - [2023-04-25T23:14:37.525+0000] {dagbag.py:341} ERROR - Failed to import: /opt/airflow/dags/treino02.py
Traceback (most recent call last):
  File "/home/airflow/.local/lib/python3.7/site-packages/airflow/models/dagbag.py", line 337, in parse
    loader.exec_module(new_module)
  File "<frozen importlib._bootstrap_external>", line 728, in exec_module
  File "<frozen importlib._bootstrap>", line 219, in _call_with_frames_removed
  File "/opt/airflow/dags/treino02.py", line 7, in <module>
    import pandas as pd
  File "/home/airflow/.local/lib/python3.7/site-packages/pandas/__init__.py", line 50, in <module>
    from pandas.core.api import (
  File "/home/airflow/.local/lib/python3.7/site-packages/pandas/core/api.py", line 48, in <module>
    from pandas.core.groupby import (
  File "/home/airflow/.local/lib/python3.7/site-packages/pandas/core/groupby/__init__.py", line 1, in <module>
    from pandas.core.groupby.generic import (
  File "/home/airflow/.local/lib/python3.7/site-packages/pandas/core/groupby/generic.py", line 73, in <module>
    from pandas.core.frame import DataFrame
  File "/home/airflow/.local/lib/python3.7/site-packages/pandas/core/frame.py", line 129, in <module>
    from pandas.core import (
  File "/home/airflow/.local/lib/python3.7/site-packages/pandas/core/generic.py", line 122, in <module>
    from pandas.core.describe import describe_ndframe
  File "/home/airflow/.local/lib/python3.7/site-packages/pandas/core/describe.py", line 37, in <module>
    from pandas.core.reshape.concat import concat
  File "/home/airflow/.local/lib/python3.7/site-packages/pandas/core/reshape/concat.py", line 45, in <module>
    from pandas.core.internals import concatenate_managers
  File "/home/airflow/.local/lib/python3.7/site-packages/pandas/core/internals/__init__.py", line 1, in <module>
    from pandas.core.internals.api import make_block  # pseudo-public version
  File "/home/airflow/.local/lib/python3.7/site-packages/pandas/core/internals/api.py", line 23, in <module>
    from pandas.core.internals.blocks import (
  File "/home/airflow/.local/lib/python3.7/site-packages/pandas/core/internals/blocks.py", line 84, in <module>
    from pandas.core.array_algos.quantile import quantile_compat
  File "<frozen importlib._bootstrap>", line 983, in _find_and_load
  File "<frozen importlib._bootstrap>", line 152, in __exit__
  File "/home/airflow/.local/lib/python3.7/site-packages/airflow/utils/timeout.py", line 69, in handle_timeout
    raise AirflowTaskTimeout(self.error_message)
airflow.exceptions.AirflowTaskTimeout: DagBag import timeout for /opt/airflow/dags/treino02.py after 30.0s.
Please take a look at these docs to improve your DAG import time:
* https://airflow.apache.org/docs/apache-airflow/2.5.3/best-practices.html#top-level-python-code
* https://airflow.apache.org/docs/apache-airflow/2.5.3/best-practices.html#reducing-dag-complexity, PID: 3622
[2023-04-25T23:14:37.699+0000] {processor.py:755} WARNING - No viable dags retrieved from /opt/airflow/dags/treino02.py
[2023-04-25T23:14:48.284+0000] {processor.py:178} ERROR - Got an exception! Propagating...
Traceback (most recent call last):
  File "/home/airflow/.local/lib/python3.7/site-packages/sqlalchemy/engine/base.py", line 3361, in _wrap_pool_connect
    return fn()
  File "/home/airflow/.local/lib/python3.7/site-packages/sqlalchemy/pool/base.py", line 327, in connect
    return _ConnectionFairy._checkout(self)
  File "/home/airflow/.local/lib/python3.7/site-packages/sqlalchemy/pool/base.py", line 894, in _checkout
    fairy = _ConnectionRecord.checkout(pool)
  File "/home/airflow/.local/lib/python3.7/site-packages/sqlalchemy/pool/base.py", line 493, in checkout
    rec = pool._do_get()
  File "/home/airflow/.local/lib/python3.7/site-packages/sqlalchemy/pool/impl.py", line 146, in _do_get
    self._dec_overflow()
  File "/home/airflow/.local/lib/python3.7/site-packages/sqlalchemy/util/langhelpers.py", line 72, in __exit__
    with_traceback=exc_tb,
  File "/home/airflow/.local/lib/python3.7/site-packages/sqlalchemy/util/compat.py", line 211, in raise_
    raise exception
  File "/home/airflow/.local/lib/python3.7/site-packages/sqlalchemy/pool/impl.py", line 143, in _do_get
    return self._create_connection()
  File "/home/airflow/.local/lib/python3.7/site-packages/sqlalchemy/pool/base.py", line 273, in _create_connection
    return _ConnectionRecord(self)
  File "/home/airflow/.local/lib/python3.7/site-packages/sqlalchemy/pool/base.py", line 388, in __init__
    self.__connect()
  File "/home/airflow/.local/lib/python3.7/site-packages/sqlalchemy/pool/base.py", line 691, in __connect
    pool.logger.debug("Error on connect(): %s", e)
  File "/home/airflow/.local/lib/python3.7/site-packages/sqlalchemy/util/langhelpers.py", line 72, in __exit__
    with_traceback=exc_tb,
  File "/home/airflow/.local/lib/python3.7/site-packages/sqlalchemy/util/compat.py", line 211, in raise_
    raise exception
  File "/home/airflow/.local/lib/python3.7/site-packages/sqlalchemy/pool/base.py", line 686, in __connect
    self.dbapi_connection = connection = pool._invoke_creator(self)
  File "/home/airflow/.local/lib/python3.7/site-packages/sqlalchemy/engine/create.py", line 574, in connect
    return dialect.connect(*cargs, **cparams)
  File "/home/airflow/.local/lib/python3.7/site-packages/sqlalchemy/engine/default.py", line 598, in connect
    return self.dbapi.connect(*cargs, **cparams)
  File "/home/airflow/.local/lib/python3.7/site-packages/psycopg2/__init__.py", line 122, in connect
    conn = _connect(dsn, connection_factory=connection_factory, **kwasync)
psycopg2.OperationalError: could not translate host name "postgres" to address: Temporary failure in name resolution


The above exception was the direct cause of the following exception:

Traceback (most recent call last):
  File "/home/airflow/.local/lib/python3.7/site-packages/airflow/dag_processing/processor.py", line 174, in _run_file_processor
    _handle_dag_file_processing()
  File "/home/airflow/.local/lib/python3.7/site-packages/airflow/dag_processing/processor.py", line 158, in _handle_dag_file_processing
    callback_requests=callback_requests,
  File "/home/airflow/.local/lib/python3.7/site-packages/airflow/utils/session.py", line 75, in wrapper
    return func(*args, session=session, **kwargs)
  File "/home/airflow/.local/lib/python3.7/site-packages/airflow/dag_processing/processor.py", line 756, in process_file
    self.update_import_errors(session, dagbag)
  File "/home/airflow/.local/lib/python3.7/site-packages/airflow/dag_processing/processor.py", line 544, in update_import_errors
    existing_import_error_files = [x.filename for x in session.query(errors.ImportError.filename).all()]
  File "/home/airflow/.local/lib/python3.7/site-packages/sqlalchemy/orm/query.py", line 2773, in all
    return self._iter().all()
  File "/home/airflow/.local/lib/python3.7/site-packages/sqlalchemy/orm/query.py", line 2919, in _iter
    execution_options={"_sa_orm_load_options": self.load_options},
  File "/home/airflow/.local/lib/python3.7/site-packages/sqlalchemy/orm/session.py", line 1713, in execute
    conn = self._connection_for_bind(bind)
  File "/home/airflow/.local/lib/python3.7/site-packages/sqlalchemy/orm/session.py", line 1553, in _connection_for_bind
    engine, execution_options
  File "/home/airflow/.local/lib/python3.7/site-packages/sqlalchemy/orm/session.py", line 747, in _connection_for_bind
    conn = bind.connect()
  File "/home/airflow/.local/lib/python3.7/site-packages/sqlalchemy/engine/base.py", line 3315, in connect
    return self._connection_cls(self, close_with_result=close_with_result)
  File "/home/airflow/.local/lib/python3.7/site-packages/sqlalchemy/engine/base.py", line 96, in __init__
    else engine.raw_connection()
  File "/home/airflow/.local/lib/python3.7/site-packages/sqlalchemy/engine/base.py", line 3394, in raw_connection
    return self._wrap_pool_connect(self.pool.connect, _connection)
  File "/home/airflow/.local/lib/python3.7/site-packages/sqlalchemy/engine/base.py", line 3365, in _wrap_pool_connect
    e, dialect, self
  File "/home/airflow/.local/lib/python3.7/site-packages/sqlalchemy/engine/base.py", line 2199, in _handle_dbapi_exception_noconnection
    sqlalchemy_exception, with_traceback=exc_info[2], from_=e
  File "/home/airflow/.local/lib/python3.7/site-packages/sqlalchemy/util/compat.py", line 211, in raise_
    raise exception
  File "/home/airflow/.local/lib/python3.7/site-packages/sqlalchemy/engine/base.py", line 3361, in _wrap_pool_connect
    return fn()
  File "/home/airflow/.local/lib/python3.7/site-packages/sqlalchemy/pool/base.py", line 327, in connect
    return _ConnectionFairy._checkout(self)
  File "/home/airflow/.local/lib/python3.7/site-packages/sqlalchemy/pool/base.py", line 894, in _checkout
    fairy = _ConnectionRecord.checkout(pool)
  File "/home/airflow/.local/lib/python3.7/site-packages/sqlalchemy/pool/base.py", line 493, in checkout
    rec = pool._do_get()
  File "/home/airflow/.local/lib/python3.7/site-packages/sqlalchemy/pool/impl.py", line 146, in _do_get
    self._dec_overflow()
  File "/home/airflow/.local/lib/python3.7/site-packages/sqlalchemy/util/langhelpers.py", line 72, in __exit__
    with_traceback=exc_tb,
  File "/home/airflow/.local/lib/python3.7/site-packages/sqlalchemy/util/compat.py", line 211, in raise_
    raise exception
  File "/home/airflow/.local/lib/python3.7/site-packages/sqlalchemy/pool/impl.py", line 143, in _do_get
    return self._create_connection()
  File "/home/airflow/.local/lib/python3.7/site-packages/sqlalchemy/pool/base.py", line 273, in _create_connection
    return _ConnectionRecord(self)
  File "/home/airflow/.local/lib/python3.7/site-packages/sqlalchemy/pool/base.py", line 388, in __init__
    self.__connect()
  File "/home/airflow/.local/lib/python3.7/site-packages/sqlalchemy/pool/base.py", line 691, in __connect
    pool.logger.debug("Error on connect(): %s", e)
  File "/home/airflow/.local/lib/python3.7/site-packages/sqlalchemy/util/langhelpers.py", line 72, in __exit__
    with_traceback=exc_tb,
  File "/home/airflow/.local/lib/python3.7/site-packages/sqlalchemy/util/compat.py", line 211, in raise_
    raise exception
  File "/home/airflow/.local/lib/python3.7/site-packages/sqlalchemy/pool/base.py", line 686, in __connect
    self.dbapi_connection = connection = pool._invoke_creator(self)
  File "/home/airflow/.local/lib/python3.7/site-packages/sqlalchemy/engine/create.py", line 574, in connect
    return dialect.connect(*cargs, **cparams)
  File "/home/airflow/.local/lib/python3.7/site-packages/sqlalchemy/engine/default.py", line 598, in connect
    return self.dbapi.connect(*cargs, **cparams)
  File "/home/airflow/.local/lib/python3.7/site-packages/psycopg2/__init__.py", line 122, in connect
    conn = _connect(dsn, connection_factory=connection_factory, **kwasync)
sqlalchemy.exc.OperationalError: (psycopg2.OperationalError) could not translate host name "postgres" to address: Temporary failure in name resolution

(Background on this error at: https://sqlalche.me/e/14/e3q8)
[2023-04-25T23:23:10.235+0000] {processor.py:153} INFO - Started process (PID=34) to work on /opt/airflow/dags/treino02.py
[2023-04-25T23:23:10.243+0000] {processor.py:743} INFO - Processing file /opt/airflow/dags/treino02.py for tasks to queue
[2023-04-25T23:23:10.253+0000] {logging_mixin.py:137} INFO - [2023-04-25T23:23:10.253+0000] {dagbag.py:532} INFO - Filling up the DagBag from /opt/airflow/dags/treino02.py
[2023-04-25T23:23:11.463+0000] {processor.py:753} INFO - DAG(s) dict_keys(['treino-02']) retrieved from /opt/airflow/dags/treino02.py
[2023-04-25T23:23:12.199+0000] {logging_mixin.py:137} INFO - [2023-04-25T23:23:12.198+0000] {dag.py:2705} INFO - Sync 1 DAGs
[2023-04-25T23:23:12.372+0000] {processor.py:175} INFO - Processing /opt/airflow/dags/treino02.py took 2.167 seconds
[2023-04-25T23:23:44.184+0000] {processor.py:153} INFO - Started process (PID=99) to work on /opt/airflow/dags/treino02.py
[2023-04-25T23:23:44.203+0000] {processor.py:743} INFO - Processing file /opt/airflow/dags/treino02.py for tasks to queue
[2023-04-25T23:23:44.213+0000] {logging_mixin.py:137} INFO - [2023-04-25T23:23:44.212+0000] {dagbag.py:532} INFO - Filling up the DagBag from /opt/airflow/dags/treino02.py
[2023-04-25T23:24:13.918+0000] {processor.py:753} INFO - DAG(s) dict_keys(['treino-02']) retrieved from /opt/airflow/dags/treino02.py
[2023-04-25T23:24:24.372+0000] {logging_mixin.py:137} INFO - [2023-04-25T23:24:24.359+0000] {dag.py:2705} INFO - Sync 1 DAGs
[2023-04-25T23:24:24.617+0000] {logging_mixin.py:137} INFO - [2023-04-25T23:24:24.615+0000] {dag.py:3456} INFO - Setting next_dagrun for treino-02 to 2023-04-23T19:34:00+00:00, run_after=2023-04-23T19:36:00+00:00
[2023-04-25T23:24:24.813+0000] {processor.py:175} INFO - Processing /opt/airflow/dags/treino02.py took 39.756 seconds
[2023-04-25T23:24:26.453+0000] {processor.py:153} INFO - Started process (PID=115) to work on /opt/airflow/dags/treino02.py
[2023-04-25T23:24:26.470+0000] {processor.py:743} INFO - Processing file /opt/airflow/dags/treino02.py for tasks to queue
[2023-04-25T23:24:26.542+0000] {logging_mixin.py:137} INFO - [2023-04-25T23:24:26.541+0000] {dagbag.py:532} INFO - Filling up the DagBag from /opt/airflow/dags/treino02.py
[2023-04-25T23:24:44.194+0000] {processor.py:753} INFO - DAG(s) dict_keys(['treino-02']) retrieved from /opt/airflow/dags/treino02.py
[2023-04-25T23:24:44.935+0000] {logging_mixin.py:137} INFO - [2023-04-25T23:24:44.849+0000] {taskinstance.py:1778} ERROR - {'DAG Id': 'treino-02', 'Task Id': 'get-data', 'Run Id': 'scheduled__2023-04-23T19:24:00+00:00', 'Hostname': 'b7947b05bca0', 'External Executor Id': 'ffc24573-29a0-42bb-ae8d-e59ee274a7ce'}
[2023-04-25T23:24:45.343+0000] {logging_mixin.py:137} INFO - [2023-04-25T23:24:45.342+0000] {taskinstance.py:1332} INFO - Marking task as FAILED. dag_id=treino-02, task_id=get-data, execution_date=20230423T192400, start_date=20230425T232340, end_date=20230425T232445
[2023-04-25T23:24:45.408+0000] {processor.py:713} INFO - Executed failure callback for <TaskInstance: treino-02.get-data scheduled__2023-04-23T19:24:00+00:00 [failed]> in state failed
[2023-04-25T23:24:45.435+0000] {logging_mixin.py:137} INFO - [2023-04-25T23:24:45.435+0000] {taskinstance.py:1778} ERROR - {'DAG Id': 'treino-02', 'Task Id': 'get-data', 'Run Id': 'scheduled__2023-04-23T19:16:00+00:00', 'Hostname': 'b7947b05bca0', 'External Executor Id': '5c976b2c-9981-40ff-a973-6a53a0f5de26'}
[2023-04-25T23:24:45.488+0000] {logging_mixin.py:137} INFO - [2023-04-25T23:24:45.487+0000] {taskinstance.py:1332} INFO - Marking task as FAILED. dag_id=treino-02, task_id=get-data, execution_date=20230423T191600, start_date=20230425T232339, end_date=20230425T232445
[2023-04-25T23:24:45.511+0000] {processor.py:713} INFO - Executed failure callback for <TaskInstance: treino-02.get-data scheduled__2023-04-23T19:16:00+00:00 [failed]> in state failed
[2023-04-25T23:24:45.654+0000] {logging_mixin.py:137} INFO - [2023-04-25T23:24:45.652+0000] {dag.py:2705} INFO - Sync 1 DAGs
[2023-04-25T23:24:45.883+0000] {logging_mixin.py:137} INFO - [2023-04-25T23:24:45.876+0000] {dag.py:3456} INFO - Setting next_dagrun for treino-02 to 2023-04-23T19:34:00+00:00, run_after=2023-04-23T19:36:00+00:00
[2023-04-25T23:24:46.088+0000] {processor.py:175} INFO - Processing /opt/airflow/dags/treino02.py took 20.586 seconds
[2023-04-25T23:25:17.743+0000] {processor.py:153} INFO - Started process (PID=180) to work on /opt/airflow/dags/treino02.py
[2023-04-25T23:25:17.755+0000] {processor.py:743} INFO - Processing file /opt/airflow/dags/treino02.py for tasks to queue
[2023-04-25T23:25:17.767+0000] {logging_mixin.py:137} INFO - [2023-04-25T23:25:17.766+0000] {dagbag.py:532} INFO - Filling up the DagBag from /opt/airflow/dags/treino02.py
[2023-04-25T23:25:21.235+0000] {processor.py:753} INFO - DAG(s) dict_keys(['treino-02']) retrieved from /opt/airflow/dags/treino02.py
[2023-04-25T23:25:21.354+0000] {logging_mixin.py:137} INFO - [2023-04-25T23:25:21.352+0000] {taskinstance.py:1778} ERROR - {'DAG Id': 'treino-02', 'Task Id': 'get-data', 'Run Id': 'scheduled__2023-04-23T19:24:00+00:00', 'Hostname': 'b7947b05bca0', 'External Executor Id': 'ffc24573-29a0-42bb-ae8d-e59ee274a7ce'}
[2023-04-25T23:25:21.486+0000] {logging_mixin.py:137} INFO - [2023-04-25T23:25:21.486+0000] {taskinstance.py:1332} INFO - Marking task as FAILED. dag_id=treino-02, task_id=get-data, execution_date=20230423T192400, start_date=20230425T232340, end_date=20230425T232521
[2023-04-25T23:25:21.548+0000] {processor.py:713} INFO - Executed failure callback for <TaskInstance: treino-02.get-data scheduled__2023-04-23T19:24:00+00:00 [failed]> in state failed
[2023-04-25T23:25:21.560+0000] {logging_mixin.py:137} INFO - [2023-04-25T23:25:21.559+0000] {taskinstance.py:1778} ERROR - {'DAG Id': 'treino-02', 'Task Id': 'get-data', 'Run Id': 'scheduled__2023-04-23T19:16:00+00:00', 'Hostname': 'b7947b05bca0', 'External Executor Id': '5c976b2c-9981-40ff-a973-6a53a0f5de26'}
[2023-04-25T23:25:21.587+0000] {logging_mixin.py:137} INFO - [2023-04-25T23:25:21.587+0000] {taskinstance.py:1332} INFO - Marking task as FAILED. dag_id=treino-02, task_id=get-data, execution_date=20230423T191600, start_date=20230425T232339, end_date=20230425T232521
[2023-04-25T23:25:21.600+0000] {processor.py:713} INFO - Executed failure callback for <TaskInstance: treino-02.get-data scheduled__2023-04-23T19:16:00+00:00 [failed]> in state failed
[2023-04-25T23:25:21.618+0000] {logging_mixin.py:137} INFO - [2023-04-25T23:25:21.617+0000] {taskinstance.py:1778} ERROR - {'DAG Id': 'treino-02', 'Task Id': 'get-data', 'Run Id': 'scheduled__2023-04-23T19:24:00+00:00', 'Hostname': 'b7947b05bca0', 'External Executor Id': 'ffc24573-29a0-42bb-ae8d-e59ee274a7ce'}
[2023-04-25T23:25:21.653+0000] {logging_mixin.py:137} INFO - [2023-04-25T23:25:21.653+0000] {taskinstance.py:1332} INFO - Marking task as FAILED. dag_id=treino-02, task_id=get-data, execution_date=20230423T192400, start_date=20230425T232340, end_date=20230425T232521
[2023-04-25T23:25:21.659+0000] {processor.py:713} INFO - Executed failure callback for <TaskInstance: treino-02.get-data scheduled__2023-04-23T19:24:00+00:00 [failed]> in state failed
[2023-04-25T23:25:21.664+0000] {logging_mixin.py:137} INFO - [2023-04-25T23:25:21.664+0000] {taskinstance.py:1778} ERROR - {'DAG Id': 'treino-02', 'Task Id': 'get-data', 'Run Id': 'scheduled__2023-04-23T19:16:00+00:00', 'Hostname': 'b7947b05bca0', 'External Executor Id': '5c976b2c-9981-40ff-a973-6a53a0f5de26'}
[2023-04-25T23:25:21.715+0000] {logging_mixin.py:137} INFO - [2023-04-25T23:25:21.713+0000] {taskinstance.py:1332} INFO - Marking task as FAILED. dag_id=treino-02, task_id=get-data, execution_date=20230423T191600, start_date=20230425T232339, end_date=20230425T232521
[2023-04-25T23:25:21.731+0000] {processor.py:713} INFO - Executed failure callback for <TaskInstance: treino-02.get-data scheduled__2023-04-23T19:16:00+00:00 [failed]> in state failed
[2023-04-25T23:25:21.912+0000] {logging_mixin.py:137} INFO - [2023-04-25T23:25:21.911+0000] {dag.py:2705} INFO - Sync 1 DAGs
[2023-04-25T23:25:22.086+0000] {processor.py:175} INFO - Processing /opt/airflow/dags/treino02.py took 4.363 seconds
[2023-04-25T23:25:53.066+0000] {processor.py:153} INFO - Started process (PID=241) to work on /opt/airflow/dags/treino02.py
[2023-04-25T23:25:53.069+0000] {processor.py:743} INFO - Processing file /opt/airflow/dags/treino02.py for tasks to queue
[2023-04-25T23:25:53.070+0000] {logging_mixin.py:137} INFO - [2023-04-25T23:25:53.070+0000] {dagbag.py:532} INFO - Filling up the DagBag from /opt/airflow/dags/treino02.py
[2023-04-25T23:25:53.839+0000] {processor.py:753} INFO - DAG(s) dict_keys(['treino-02']) retrieved from /opt/airflow/dags/treino02.py
[2023-04-25T23:25:53.875+0000] {logging_mixin.py:137} INFO - [2023-04-25T23:25:53.874+0000] {dag.py:2705} INFO - Sync 1 DAGs
[2023-04-25T23:25:53.938+0000] {processor.py:175} INFO - Processing /opt/airflow/dags/treino02.py took 0.880 seconds
[2023-04-25T23:26:24.131+0000] {processor.py:153} INFO - Started process (PID=295) to work on /opt/airflow/dags/treino02.py
[2023-04-25T23:26:24.133+0000] {processor.py:743} INFO - Processing file /opt/airflow/dags/treino02.py for tasks to queue
[2023-04-25T23:26:24.135+0000] {logging_mixin.py:137} INFO - [2023-04-25T23:26:24.134+0000] {dagbag.py:532} INFO - Filling up the DagBag from /opt/airflow/dags/treino02.py
[2023-04-25T23:26:24.481+0000] {processor.py:753} INFO - DAG(s) dict_keys(['treino-02']) retrieved from /opt/airflow/dags/treino02.py
[2023-04-25T23:26:25.373+0000] {logging_mixin.py:137} INFO - [2023-04-25T23:26:25.371+0000] {dag.py:2705} INFO - Sync 1 DAGs
[2023-04-25T23:26:25.432+0000] {logging_mixin.py:137} INFO - [2023-04-25T23:26:25.432+0000] {dag.py:3456} INFO - Setting next_dagrun for treino-02 to 2023-04-25T23:24:00+00:00, run_after=2023-04-25T23:26:00+00:00
[2023-04-25T23:26:25.464+0000] {processor.py:175} INFO - Processing /opt/airflow/dags/treino02.py took 1.341 seconds
[2023-04-25T23:26:27.396+0000] {processor.py:153} INFO - Started process (PID=306) to work on /opt/airflow/dags/treino02.py
[2023-04-25T23:26:27.399+0000] {processor.py:743} INFO - Processing file /opt/airflow/dags/treino02.py for tasks to queue
[2023-04-25T23:26:27.402+0000] {logging_mixin.py:137} INFO - [2023-04-25T23:26:27.401+0000] {dagbag.py:532} INFO - Filling up the DagBag from /opt/airflow/dags/treino02.py
[2023-04-25T23:26:27.996+0000] {processor.py:753} INFO - DAG(s) dict_keys(['treino-02']) retrieved from /opt/airflow/dags/treino02.py
[2023-04-25T23:26:29.698+0000] {logging_mixin.py:137} INFO - [2023-04-25T23:26:29.697+0000] {dag.py:2705} INFO - Sync 1 DAGs
[2023-04-25T23:26:29.817+0000] {processor.py:175} INFO - Processing /opt/airflow/dags/treino02.py took 2.434 seconds
[2023-04-25T23:27:00.863+0000] {processor.py:153} INFO - Started process (PID=367) to work on /opt/airflow/dags/treino02.py
[2023-04-25T23:27:00.865+0000] {processor.py:743} INFO - Processing file /opt/airflow/dags/treino02.py for tasks to queue
[2023-04-25T23:27:00.866+0000] {logging_mixin.py:137} INFO - [2023-04-25T23:27:00.866+0000] {dagbag.py:532} INFO - Filling up the DagBag from /opt/airflow/dags/treino02.py
[2023-04-25T23:27:01.477+0000] {processor.py:753} INFO - DAG(s) dict_keys(['treino-02']) retrieved from /opt/airflow/dags/treino02.py
[2023-04-25T23:27:01.507+0000] {logging_mixin.py:137} INFO - [2023-04-25T23:27:01.506+0000] {dag.py:2705} INFO - Sync 1 DAGs
[2023-04-25T23:27:01.535+0000] {logging_mixin.py:137} INFO - [2023-04-25T23:27:01.535+0000] {dag.py:3456} INFO - Setting next_dagrun for treino-02 to 2023-04-25T23:26:00+00:00, run_after=2023-04-25T23:28:00+00:00
[2023-04-25T23:27:01.550+0000] {processor.py:175} INFO - Processing /opt/airflow/dags/treino02.py took 0.692 seconds
[2023-04-25T23:27:34.887+0000] {processor.py:153} INFO - Started process (PID=420) to work on /opt/airflow/dags/treino02.py
[2023-04-25T23:27:34.891+0000] {processor.py:743} INFO - Processing file /opt/airflow/dags/treino02.py for tasks to queue
[2023-04-25T23:27:34.894+0000] {logging_mixin.py:137} INFO - [2023-04-25T23:27:34.894+0000] {dagbag.py:532} INFO - Filling up the DagBag from /opt/airflow/dags/treino02.py
[2023-04-25T23:27:46.897+0000] {processor.py:753} INFO - DAG(s) dict_keys(['treino-02']) retrieved from /opt/airflow/dags/treino02.py
[2023-04-25T23:27:47.015+0000] {logging_mixin.py:137} INFO - [2023-04-25T23:27:47.012+0000] {dag.py:2705} INFO - Sync 1 DAGs
[2023-04-25T23:27:47.165+0000] {processor.py:175} INFO - Processing /opt/airflow/dags/treino02.py took 12.298 seconds
[2023-04-25T23:28:18.841+0000] {processor.py:153} INFO - Started process (PID=485) to work on /opt/airflow/dags/treino02.py
[2023-04-25T23:28:18.845+0000] {processor.py:743} INFO - Processing file /opt/airflow/dags/treino02.py for tasks to queue
[2023-04-25T23:28:18.849+0000] {logging_mixin.py:137} INFO - [2023-04-25T23:28:18.848+0000] {dagbag.py:532} INFO - Filling up the DagBag from /opt/airflow/dags/treino02.py
[2023-04-25T23:28:21.879+0000] {processor.py:753} INFO - DAG(s) dict_keys(['treino-02']) retrieved from /opt/airflow/dags/treino02.py
[2023-04-25T23:28:21.912+0000] {logging_mixin.py:137} INFO - [2023-04-25T23:28:21.911+0000] {dag.py:2705} INFO - Sync 1 DAGs
[2023-04-25T23:28:21.940+0000] {logging_mixin.py:137} INFO - [2023-04-25T23:28:21.939+0000] {dag.py:3456} INFO - Setting next_dagrun for treino-02 to 2023-04-25T23:28:00+00:00, run_after=2023-04-25T23:30:00+00:00
[2023-04-25T23:28:21.954+0000] {processor.py:175} INFO - Processing /opt/airflow/dags/treino02.py took 3.124 seconds
[2023-04-25T23:28:52.242+0000] {processor.py:153} INFO - Started process (PID=545) to work on /opt/airflow/dags/treino02.py
[2023-04-25T23:28:52.244+0000] {processor.py:743} INFO - Processing file /opt/airflow/dags/treino02.py for tasks to queue
[2023-04-25T23:28:52.246+0000] {logging_mixin.py:137} INFO - [2023-04-25T23:28:52.246+0000] {dagbag.py:532} INFO - Filling up the DagBag from /opt/airflow/dags/treino02.py
[2023-04-25T23:28:53.419+0000] {processor.py:753} INFO - DAG(s) dict_keys(['treino-02']) retrieved from /opt/airflow/dags/treino02.py
[2023-04-25T23:28:53.491+0000] {logging_mixin.py:137} INFO - [2023-04-25T23:28:53.490+0000] {dag.py:2705} INFO - Sync 1 DAGs
[2023-04-25T23:28:53.595+0000] {logging_mixin.py:137} INFO - [2023-04-25T23:28:53.595+0000] {dag.py:3456} INFO - Setting next_dagrun for treino-02 to 2023-04-25T23:28:00+00:00, run_after=2023-04-25T23:30:00+00:00
[2023-04-25T23:28:53.618+0000] {processor.py:175} INFO - Processing /opt/airflow/dags/treino02.py took 1.389 seconds
[2023-04-25T23:29:27.786+0000] {processor.py:153} INFO - Started process (PID=603) to work on /opt/airflow/dags/treino02.py
[2023-04-25T23:29:27.789+0000] {processor.py:743} INFO - Processing file /opt/airflow/dags/treino02.py for tasks to queue
[2023-04-25T23:29:27.796+0000] {logging_mixin.py:137} INFO - [2023-04-25T23:29:27.795+0000] {dagbag.py:532} INFO - Filling up the DagBag from /opt/airflow/dags/treino02.py
[2023-04-25T23:29:37.333+0000] {processor.py:753} INFO - DAG(s) dict_keys(['treino-02']) retrieved from /opt/airflow/dags/treino02.py
[2023-04-25T23:29:38.580+0000] {logging_mixin.py:137} INFO - [2023-04-25T23:29:38.545+0000] {dag.py:2705} INFO - Sync 1 DAGs
[2023-04-25T23:29:42.065+0000] {processor.py:175} INFO - Processing /opt/airflow/dags/treino02.py took 14.377 seconds
[2023-04-25T23:30:28.569+0000] {processor.py:153} INFO - Started process (PID=665) to work on /opt/airflow/dags/treino02.py
[2023-04-25T23:30:28.572+0000] {processor.py:743} INFO - Processing file /opt/airflow/dags/treino02.py for tasks to queue
[2023-04-25T23:30:28.574+0000] {logging_mixin.py:137} INFO - [2023-04-25T23:30:28.574+0000] {dagbag.py:532} INFO - Filling up the DagBag from /opt/airflow/dags/treino02.py
[2023-04-25T23:30:38.144+0000] {processor.py:753} INFO - DAG(s) dict_keys(['treino-02']) retrieved from /opt/airflow/dags/treino02.py
[2023-04-25T23:30:38.389+0000] {logging_mixin.py:137} INFO - [2023-04-25T23:30:38.388+0000] {dag.py:2705} INFO - Sync 1 DAGs
[2023-04-25T23:30:38.634+0000] {processor.py:175} INFO - Processing /opt/airflow/dags/treino02.py took 10.059 seconds
[2023-04-25T23:31:09.729+0000] {processor.py:153} INFO - Started process (PID=733) to work on /opt/airflow/dags/treino02.py
[2023-04-25T23:31:09.736+0000] {processor.py:743} INFO - Processing file /opt/airflow/dags/treino02.py for tasks to queue
[2023-04-25T23:31:09.737+0000] {logging_mixin.py:137} INFO - [2023-04-25T23:31:09.737+0000] {dagbag.py:532} INFO - Filling up the DagBag from /opt/airflow/dags/treino02.py
[2023-04-25T23:31:12.990+0000] {processor.py:753} INFO - DAG(s) dict_keys(['treino-02']) retrieved from /opt/airflow/dags/treino02.py
[2023-04-25T23:31:13.409+0000] {logging_mixin.py:137} INFO - [2023-04-25T23:31:13.404+0000] {dag.py:2705} INFO - Sync 1 DAGs
[2023-04-25T23:31:13.592+0000] {logging_mixin.py:137} INFO - [2023-04-25T23:31:13.591+0000] {dag.py:3456} INFO - Setting next_dagrun for treino-02 to 2023-04-25T23:30:00+00:00, run_after=2023-04-25T23:32:00+00:00
[2023-04-25T23:31:13.942+0000] {processor.py:175} INFO - Processing /opt/airflow/dags/treino02.py took 4.264 seconds
[2023-04-25T23:31:45.226+0000] {processor.py:153} INFO - Started process (PID=795) to work on /opt/airflow/dags/treino02.py
[2023-04-25T23:31:45.231+0000] {processor.py:743} INFO - Processing file /opt/airflow/dags/treino02.py for tasks to queue
[2023-04-25T23:31:45.241+0000] {logging_mixin.py:137} INFO - [2023-04-25T23:31:45.240+0000] {dagbag.py:532} INFO - Filling up the DagBag from /opt/airflow/dags/treino02.py
[2023-04-25T23:31:47.869+0000] {processor.py:753} INFO - DAG(s) dict_keys(['treino-02']) retrieved from /opt/airflow/dags/treino02.py
[2023-04-25T23:31:47.928+0000] {logging_mixin.py:137} INFO - [2023-04-25T23:31:47.928+0000] {dag.py:2705} INFO - Sync 1 DAGs
[2023-04-25T23:31:48.040+0000] {processor.py:175} INFO - Processing /opt/airflow/dags/treino02.py took 2.823 seconds
[2023-04-25T23:32:18.645+0000] {processor.py:153} INFO - Started process (PID=850) to work on /opt/airflow/dags/treino02.py
[2023-04-25T23:32:18.647+0000] {processor.py:743} INFO - Processing file /opt/airflow/dags/treino02.py for tasks to queue
[2023-04-25T23:32:18.649+0000] {logging_mixin.py:137} INFO - [2023-04-25T23:32:18.649+0000] {dagbag.py:532} INFO - Filling up the DagBag from /opt/airflow/dags/treino02.py
[2023-04-25T23:32:19.279+0000] {processor.py:753} INFO - DAG(s) dict_keys(['treino-02']) retrieved from /opt/airflow/dags/treino02.py
[2023-04-25T23:32:19.306+0000] {logging_mixin.py:137} INFO - [2023-04-25T23:32:19.306+0000] {dag.py:2705} INFO - Sync 1 DAGs
[2023-04-25T23:32:19.331+0000] {logging_mixin.py:137} INFO - [2023-04-25T23:32:19.331+0000] {dag.py:3456} INFO - Setting next_dagrun for treino-02 to 2023-04-25T23:32:00+00:00, run_after=2023-04-25T23:34:00+00:00
[2023-04-25T23:32:19.345+0000] {processor.py:175} INFO - Processing /opt/airflow/dags/treino02.py took 0.707 seconds
[2023-04-25T23:32:49.673+0000] {processor.py:153} INFO - Started process (PID=916) to work on /opt/airflow/dags/treino02.py
[2023-04-25T23:32:49.676+0000] {processor.py:743} INFO - Processing file /opt/airflow/dags/treino02.py for tasks to queue
[2023-04-25T23:32:49.678+0000] {logging_mixin.py:137} INFO - [2023-04-25T23:32:49.678+0000] {dagbag.py:532} INFO - Filling up the DagBag from /opt/airflow/dags/treino02.py
[2023-04-25T23:32:53.770+0000] {processor.py:753} INFO - DAG(s) dict_keys(['treino-02']) retrieved from /opt/airflow/dags/treino02.py
[2023-04-25T23:32:53.880+0000] {logging_mixin.py:137} INFO - [2023-04-25T23:32:53.861+0000] {dag.py:2705} INFO - Sync 1 DAGs
[2023-04-25T23:32:54.020+0000] {logging_mixin.py:137} INFO - [2023-04-25T23:32:54.019+0000] {dag.py:3456} INFO - Setting next_dagrun for treino-02 to 2023-04-25T23:32:00+00:00, run_after=2023-04-25T23:34:00+00:00
[2023-04-25T23:32:54.095+0000] {processor.py:175} INFO - Processing /opt/airflow/dags/treino02.py took 4.433 seconds
[2023-04-25T23:33:27.855+0000] {processor.py:153} INFO - Started process (PID=954) to work on /opt/airflow/dags/treino02.py
[2023-04-25T23:33:27.869+0000] {processor.py:743} INFO - Processing file /opt/airflow/dags/treino02.py for tasks to queue
[2023-04-25T23:33:27.955+0000] {logging_mixin.py:137} INFO - [2023-04-25T23:33:27.954+0000] {dagbag.py:532} INFO - Filling up the DagBag from /opt/airflow/dags/treino02.py
[2023-04-25T23:33:35.962+0000] {processor.py:753} INFO - DAG(s) dict_keys(['treino-02']) retrieved from /opt/airflow/dags/treino02.py
[2023-04-25T23:33:36.117+0000] {logging_mixin.py:137} INFO - [2023-04-25T23:33:36.117+0000] {dag.py:2705} INFO - Sync 1 DAGs
[2023-04-25T23:33:36.242+0000] {logging_mixin.py:137} INFO - [2023-04-25T23:33:36.241+0000] {dag.py:3456} INFO - Setting next_dagrun for treino-02 to 2023-04-25T23:32:00+00:00, run_after=2023-04-25T23:34:00+00:00
[2023-04-25T23:33:36.316+0000] {processor.py:175} INFO - Processing /opt/airflow/dags/treino02.py took 8.587 seconds
[2023-04-25T23:34:07.339+0000] {processor.py:153} INFO - Started process (PID=1015) to work on /opt/airflow/dags/treino02.py
[2023-04-25T23:34:07.343+0000] {processor.py:743} INFO - Processing file /opt/airflow/dags/treino02.py for tasks to queue
[2023-04-25T23:34:07.346+0000] {logging_mixin.py:137} INFO - [2023-04-25T23:34:07.346+0000] {dagbag.py:532} INFO - Filling up the DagBag from /opt/airflow/dags/treino02.py
[2023-04-25T23:34:13.825+0000] {processor.py:753} INFO - DAG(s) dict_keys(['treino-02']) retrieved from /opt/airflow/dags/treino02.py
[2023-04-25T23:34:14.096+0000] {logging_mixin.py:137} INFO - [2023-04-25T23:34:14.094+0000] {dag.py:2705} INFO - Sync 1 DAGs
[2023-04-25T23:34:14.574+0000] {processor.py:175} INFO - Processing /opt/airflow/dags/treino02.py took 7.249 seconds
[2023-04-25T23:34:47.588+0000] {processor.py:153} INFO - Started process (PID=1070) to work on /opt/airflow/dags/treino02.py
[2023-04-25T23:34:47.595+0000] {processor.py:743} INFO - Processing file /opt/airflow/dags/treino02.py for tasks to queue
[2023-04-25T23:34:47.599+0000] {logging_mixin.py:137} INFO - [2023-04-25T23:34:47.599+0000] {dagbag.py:532} INFO - Filling up the DagBag from /opt/airflow/dags/treino02.py
[2023-04-25T23:34:52.461+0000] {processor.py:753} INFO - DAG(s) dict_keys(['treino-02']) retrieved from /opt/airflow/dags/treino02.py
[2023-04-25T23:34:52.658+0000] {logging_mixin.py:137} INFO - [2023-04-25T23:34:52.656+0000] {dag.py:2705} INFO - Sync 1 DAGs
[2023-04-25T23:34:52.842+0000] {logging_mixin.py:137} INFO - [2023-04-25T23:34:52.841+0000] {dag.py:3456} INFO - Setting next_dagrun for treino-02 to 2023-04-25T23:32:00+00:00, run_after=2023-04-25T23:34:00+00:00
[2023-04-25T23:34:52.918+0000] {processor.py:175} INFO - Processing /opt/airflow/dags/treino02.py took 5.366 seconds
[2023-04-25T23:35:24.334+0000] {processor.py:153} INFO - Started process (PID=1127) to work on /opt/airflow/dags/treino02.py
[2023-04-25T23:35:24.336+0000] {processor.py:743} INFO - Processing file /opt/airflow/dags/treino02.py for tasks to queue
[2023-04-25T23:35:24.338+0000] {logging_mixin.py:137} INFO - [2023-04-25T23:35:24.338+0000] {dagbag.py:532} INFO - Filling up the DagBag from /opt/airflow/dags/treino02.py
[2023-04-25T23:35:25.090+0000] {processor.py:753} INFO - DAG(s) dict_keys(['treino-02']) retrieved from /opt/airflow/dags/treino02.py
[2023-04-25T23:35:25.120+0000] {logging_mixin.py:137} INFO - [2023-04-25T23:35:25.118+0000] {dag.py:2705} INFO - Sync 1 DAGs
[2023-04-25T23:35:25.159+0000] {logging_mixin.py:137} INFO - [2023-04-25T23:35:25.159+0000] {dag.py:3456} INFO - Setting next_dagrun for treino-02 to 2023-04-25T23:34:00+00:00, run_after=2023-04-25T23:36:00+00:00
[2023-04-25T23:35:25.176+0000] {processor.py:175} INFO - Processing /opt/airflow/dags/treino02.py took 0.851 seconds
[2023-04-25T23:35:55.470+0000] {processor.py:153} INFO - Started process (PID=1192) to work on /opt/airflow/dags/treino02.py
[2023-04-25T23:35:55.472+0000] {processor.py:743} INFO - Processing file /opt/airflow/dags/treino02.py for tasks to queue
[2023-04-25T23:35:55.473+0000] {logging_mixin.py:137} INFO - [2023-04-25T23:35:55.473+0000] {dagbag.py:532} INFO - Filling up the DagBag from /opt/airflow/dags/treino02.py
[2023-04-25T23:35:56.558+0000] {processor.py:753} INFO - DAG(s) dict_keys(['treino-02']) retrieved from /opt/airflow/dags/treino02.py
[2023-04-25T23:35:56.624+0000] {logging_mixin.py:137} INFO - [2023-04-25T23:35:56.623+0000] {dag.py:2705} INFO - Sync 1 DAGs
[2023-04-25T23:35:56.756+0000] {logging_mixin.py:137} INFO - [2023-04-25T23:35:56.752+0000] {dag.py:3456} INFO - Setting next_dagrun for treino-02 to 2023-04-25T23:34:00+00:00, run_after=2023-04-25T23:36:00+00:00
[2023-04-25T23:35:56.889+0000] {processor.py:175} INFO - Processing /opt/airflow/dags/treino02.py took 1.423 seconds
[2023-04-25T23:36:27.716+0000] {processor.py:153} INFO - Started process (PID=1251) to work on /opt/airflow/dags/treino02.py
[2023-04-25T23:36:27.718+0000] {processor.py:743} INFO - Processing file /opt/airflow/dags/treino02.py for tasks to queue
[2023-04-25T23:36:27.719+0000] {logging_mixin.py:137} INFO - [2023-04-25T23:36:27.719+0000] {dagbag.py:532} INFO - Filling up the DagBag from /opt/airflow/dags/treino02.py
[2023-04-25T23:36:29.177+0000] {processor.py:753} INFO - DAG(s) dict_keys(['treino-02']) retrieved from /opt/airflow/dags/treino02.py
[2023-04-25T23:36:29.231+0000] {logging_mixin.py:137} INFO - [2023-04-25T23:36:29.231+0000] {dag.py:2705} INFO - Sync 1 DAGs
[2023-04-25T23:36:29.284+0000] {logging_mixin.py:137} INFO - [2023-04-25T23:36:29.284+0000] {dag.py:3456} INFO - Setting next_dagrun for treino-02 to 2023-04-25T23:36:00+00:00, run_after=2023-04-25T23:38:00+00:00
[2023-04-25T23:36:29.315+0000] {processor.py:175} INFO - Processing /opt/airflow/dags/treino02.py took 1.603 seconds
[2023-04-25T23:36:59.508+0000] {processor.py:153} INFO - Started process (PID=1308) to work on /opt/airflow/dags/treino02.py
[2023-04-25T23:36:59.509+0000] {processor.py:743} INFO - Processing file /opt/airflow/dags/treino02.py for tasks to queue
[2023-04-25T23:36:59.510+0000] {logging_mixin.py:137} INFO - [2023-04-25T23:36:59.510+0000] {dagbag.py:532} INFO - Filling up the DagBag from /opt/airflow/dags/treino02.py
[2023-04-25T23:37:00.322+0000] {processor.py:753} INFO - DAG(s) dict_keys(['treino-02']) retrieved from /opt/airflow/dags/treino02.py
[2023-04-25T23:37:00.349+0000] {logging_mixin.py:137} INFO - [2023-04-25T23:37:00.349+0000] {dag.py:2705} INFO - Sync 1 DAGs
[2023-04-25T23:37:00.378+0000] {logging_mixin.py:137} INFO - [2023-04-25T23:37:00.377+0000] {dag.py:3456} INFO - Setting next_dagrun for treino-02 to 2023-04-25T23:36:00+00:00, run_after=2023-04-25T23:38:00+00:00
[2023-04-25T23:37:00.410+0000] {processor.py:175} INFO - Processing /opt/airflow/dags/treino02.py took 0.906 seconds
[2023-04-25T23:37:33.282+0000] {processor.py:153} INFO - Started process (PID=1373) to work on /opt/airflow/dags/treino02.py
[2023-04-25T23:37:33.286+0000] {processor.py:743} INFO - Processing file /opt/airflow/dags/treino02.py for tasks to queue
[2023-04-25T23:37:33.289+0000] {logging_mixin.py:137} INFO - [2023-04-25T23:37:33.288+0000] {dagbag.py:532} INFO - Filling up the DagBag from /opt/airflow/dags/treino02.py
[2023-04-25T23:37:37.969+0000] {processor.py:753} INFO - DAG(s) dict_keys(['treino-02']) retrieved from /opt/airflow/dags/treino02.py
[2023-04-25T23:37:38.133+0000] {logging_mixin.py:137} INFO - [2023-04-25T23:37:38.125+0000] {dag.py:2705} INFO - Sync 1 DAGs
[2023-04-25T23:37:38.202+0000] {logging_mixin.py:137} INFO - [2023-04-25T23:37:38.202+0000] {dag.py:3456} INFO - Setting next_dagrun for treino-02 to 2023-04-25T23:36:00+00:00, run_after=2023-04-25T23:38:00+00:00
[2023-04-25T23:37:38.275+0000] {processor.py:175} INFO - Processing /opt/airflow/dags/treino02.py took 5.006 seconds
[2023-04-25T23:37:51.752+0000] {processor.py:153} INFO - Started process (PID=1402) to work on /opt/airflow/dags/treino02.py
[2023-04-25T23:37:51.765+0000] {processor.py:743} INFO - Processing file /opt/airflow/dags/treino02.py for tasks to queue
[2023-04-25T23:37:51.778+0000] {logging_mixin.py:137} INFO - [2023-04-25T23:37:51.778+0000] {dagbag.py:532} INFO - Filling up the DagBag from /opt/airflow/dags/treino02.py
[2023-04-25T23:37:53.455+0000] {processor.py:753} INFO - DAG(s) dict_keys(['treino-02']) retrieved from /opt/airflow/dags/treino02.py
[2023-04-25T23:37:53.620+0000] {logging_mixin.py:137} INFO - [2023-04-25T23:37:53.620+0000] {dag.py:2705} INFO - Sync 1 DAGs
[2023-04-25T23:37:53.690+0000] {logging_mixin.py:137} INFO - [2023-04-25T23:37:53.690+0000] {dag.py:3456} INFO - Setting next_dagrun for treino-02 to 2023-04-25T23:36:00+00:00, run_after=2023-04-25T23:38:00+00:00
[2023-04-25T23:37:53.787+0000] {processor.py:175} INFO - Processing /opt/airflow/dags/treino02.py took 2.085 seconds
[2023-04-25T23:38:24.759+0000] {processor.py:153} INFO - Started process (PID=1473) to work on /opt/airflow/dags/treino02.py
[2023-04-25T23:38:24.770+0000] {processor.py:743} INFO - Processing file /opt/airflow/dags/treino02.py for tasks to queue
[2023-04-25T23:38:24.776+0000] {logging_mixin.py:137} INFO - [2023-04-25T23:38:24.775+0000] {dagbag.py:532} INFO - Filling up the DagBag from /opt/airflow/dags/treino02.py
[2023-04-25T23:38:28.947+0000] {processor.py:753} INFO - DAG(s) dict_keys(['treino-02']) retrieved from /opt/airflow/dags/treino02.py
[2023-04-25T23:38:29.064+0000] {logging_mixin.py:137} INFO - [2023-04-25T23:38:29.061+0000] {dag.py:2705} INFO - Sync 1 DAGs
[2023-04-25T23:38:29.222+0000] {processor.py:175} INFO - Processing /opt/airflow/dags/treino02.py took 4.504 seconds
[2023-04-25T23:39:01.899+0000] {processor.py:153} INFO - Started process (PID=1529) to work on /opt/airflow/dags/treino02.py
[2023-04-25T23:39:01.903+0000] {processor.py:743} INFO - Processing file /opt/airflow/dags/treino02.py for tasks to queue
[2023-04-25T23:39:01.906+0000] {logging_mixin.py:137} INFO - [2023-04-25T23:39:01.906+0000] {dagbag.py:532} INFO - Filling up the DagBag from /opt/airflow/dags/treino02.py
[2023-04-25T23:39:12.033+0000] {processor.py:753} INFO - DAG(s) dict_keys(['treino-02']) retrieved from /opt/airflow/dags/treino02.py
[2023-04-25T23:39:12.227+0000] {logging_mixin.py:137} INFO - [2023-04-25T23:39:12.226+0000] {dag.py:2705} INFO - Sync 1 DAGs
[2023-04-25T23:39:12.523+0000] {processor.py:175} INFO - Processing /opt/airflow/dags/treino02.py took 10.637 seconds
[2023-04-25T23:39:44.829+0000] {processor.py:153} INFO - Started process (PID=1598) to work on /opt/airflow/dags/treino02.py
[2023-04-25T23:39:44.837+0000] {processor.py:743} INFO - Processing file /opt/airflow/dags/treino02.py for tasks to queue
[2023-04-25T23:39:44.840+0000] {logging_mixin.py:137} INFO - [2023-04-25T23:39:44.840+0000] {dagbag.py:532} INFO - Filling up the DagBag from /opt/airflow/dags/treino02.py
[2023-04-25T23:39:53.752+0000] {processor.py:753} INFO - DAG(s) dict_keys(['treino-02']) retrieved from /opt/airflow/dags/treino02.py
[2023-04-25T23:39:53.938+0000] {logging_mixin.py:137} INFO - [2023-04-25T23:39:53.936+0000] {dag.py:2705} INFO - Sync 1 DAGs
[2023-04-25T23:39:54.221+0000] {processor.py:175} INFO - Processing /opt/airflow/dags/treino02.py took 9.475 seconds
[2023-04-25T23:40:55.387+0000] {processor.py:153} INFO - Started process (PID=1664) to work on /opt/airflow/dags/treino02.py
[2023-04-25T23:40:55.394+0000] {processor.py:743} INFO - Processing file /opt/airflow/dags/treino02.py for tasks to queue
[2023-04-25T23:40:55.398+0000] {logging_mixin.py:137} INFO - [2023-04-25T23:40:55.397+0000] {dagbag.py:532} INFO - Filling up the DagBag from /opt/airflow/dags/treino02.py
[2023-04-25T23:41:29.038+0000] {logging_mixin.py:137} INFO - [2023-04-25T23:41:29.006+0000] {timeout.py:68} ERROR - Process timed out, PID: 1664
[2023-04-25T23:41:29.046+0000] {logging_mixin.py:137} WARNING - Exception ignored in: <function WeakKeyDictionary.__init__.<locals>.remove at 0xffffa074dc20>
[2023-04-25T23:41:29.047+0000] {logging_mixin.py:137} WARNING - Traceback (most recent call last):
[2023-04-25T23:41:29.049+0000] {logging_mixin.py:137} WARNING -   File "/usr/local/lib/python3.7/weakref.py", line 358, in remove
[2023-04-25T23:41:29.052+0000] {logging_mixin.py:137} WARNING -     def remove(k, selfref=ref(self)):
[2023-04-25T23:41:29.055+0000] {logging_mixin.py:137} WARNING -   File "/home/airflow/.local/lib/python3.7/site-packages/airflow/utils/timeout.py", line 69, in handle_timeout
[2023-04-25T23:41:29.056+0000] {logging_mixin.py:137} WARNING -     raise AirflowTaskTimeout(self.error_message)
[2023-04-25T23:41:29.057+0000] {logging_mixin.py:137} WARNING - airflow.exceptions.AirflowTaskTimeout: DagBag import timeout for /opt/airflow/dags/treino02.py after 30.0s.
Please take a look at these docs to improve your DAG import time:
* https://airflow.apache.org/docs/apache-airflow/2.5.3/best-practices.html#top-level-python-code
* https://airflow.apache.org/docs/apache-airflow/2.5.3/best-practices.html#reducing-dag-complexity, PID: 1664
[2023-04-25T23:41:29.514+0000] {processor.py:753} INFO - DAG(s) dict_keys(['treino-02']) retrieved from /opt/airflow/dags/treino02.py
[2023-04-25T23:41:29.750+0000] {logging_mixin.py:137} INFO - [2023-04-25T23:41:29.747+0000] {dag.py:2705} INFO - Sync 1 DAGs
[2023-04-25T23:41:29.940+0000] {logging_mixin.py:137} INFO - [2023-04-25T23:41:29.939+0000] {dag.py:3456} INFO - Setting next_dagrun for treino-02 to 2023-04-25T23:38:00+00:00, run_after=2023-04-25T23:40:00+00:00
[2023-04-25T23:41:30.033+0000] {processor.py:175} INFO - Processing /opt/airflow/dags/treino02.py took 33.860 seconds
[2023-04-25T23:42:01.210+0000] {processor.py:153} INFO - Started process (PID=1723) to work on /opt/airflow/dags/treino02.py
[2023-04-25T23:42:01.213+0000] {processor.py:743} INFO - Processing file /opt/airflow/dags/treino02.py for tasks to queue
[2023-04-25T23:42:01.215+0000] {logging_mixin.py:137} INFO - [2023-04-25T23:42:01.215+0000] {dagbag.py:532} INFO - Filling up the DagBag from /opt/airflow/dags/treino02.py
[2023-04-25T23:42:02.016+0000] {processor.py:753} INFO - DAG(s) dict_keys(['treino-02']) retrieved from /opt/airflow/dags/treino02.py
[2023-04-25T23:42:02.041+0000] {logging_mixin.py:137} INFO - [2023-04-25T23:42:02.040+0000] {dag.py:2705} INFO - Sync 1 DAGs
[2023-04-25T23:42:02.077+0000] {logging_mixin.py:137} INFO - [2023-04-25T23:42:02.076+0000] {dag.py:3456} INFO - Setting next_dagrun for treino-02 to 2023-04-25T23:38:00+00:00, run_after=2023-04-25T23:40:00+00:00
[2023-04-25T23:42:02.096+0000] {processor.py:175} INFO - Processing /opt/airflow/dags/treino02.py took 0.895 seconds
[2023-04-25T23:42:32.399+0000] {processor.py:153} INFO - Started process (PID=1777) to work on /opt/airflow/dags/treino02.py
[2023-04-25T23:42:32.403+0000] {processor.py:743} INFO - Processing file /opt/airflow/dags/treino02.py for tasks to queue
[2023-04-25T23:42:32.405+0000] {logging_mixin.py:137} INFO - [2023-04-25T23:42:32.404+0000] {dagbag.py:532} INFO - Filling up the DagBag from /opt/airflow/dags/treino02.py
[2023-04-25T23:42:33.094+0000] {processor.py:753} INFO - DAG(s) dict_keys(['treino-02']) retrieved from /opt/airflow/dags/treino02.py
[2023-04-25T23:42:33.126+0000] {logging_mixin.py:137} INFO - [2023-04-25T23:42:33.125+0000] {dag.py:2705} INFO - Sync 1 DAGs
[2023-04-25T23:42:33.164+0000] {logging_mixin.py:137} INFO - [2023-04-25T23:42:33.164+0000] {dag.py:3456} INFO - Setting next_dagrun for treino-02 to 2023-04-25T23:38:00+00:00, run_after=2023-04-25T23:40:00+00:00
[2023-04-25T23:42:33.182+0000] {processor.py:175} INFO - Processing /opt/airflow/dags/treino02.py took 0.795 seconds
[2023-04-25T23:43:03.396+0000] {processor.py:153} INFO - Started process (PID=1832) to work on /opt/airflow/dags/treino02.py
[2023-04-25T23:43:03.397+0000] {processor.py:743} INFO - Processing file /opt/airflow/dags/treino02.py for tasks to queue
[2023-04-25T23:43:03.398+0000] {logging_mixin.py:137} INFO - [2023-04-25T23:43:03.398+0000] {dagbag.py:532} INFO - Filling up the DagBag from /opt/airflow/dags/treino02.py
[2023-04-25T23:43:04.064+0000] {processor.py:753} INFO - DAG(s) dict_keys(['treino-02']) retrieved from /opt/airflow/dags/treino02.py
[2023-04-25T23:43:04.097+0000] {logging_mixin.py:137} INFO - [2023-04-25T23:43:04.097+0000] {dag.py:2705} INFO - Sync 1 DAGs
[2023-04-25T23:43:04.119+0000] {logging_mixin.py:137} INFO - [2023-04-25T23:43:04.119+0000] {dag.py:3456} INFO - Setting next_dagrun for treino-02 to 2023-04-25T23:38:00+00:00, run_after=2023-04-25T23:40:00+00:00
[2023-04-25T23:43:04.132+0000] {processor.py:175} INFO - Processing /opt/airflow/dags/treino02.py took 0.740 seconds
[2023-04-25T23:43:34.698+0000] {processor.py:153} INFO - Started process (PID=1885) to work on /opt/airflow/dags/treino02.py
[2023-04-25T23:43:34.700+0000] {processor.py:743} INFO - Processing file /opt/airflow/dags/treino02.py for tasks to queue
[2023-04-25T23:43:34.701+0000] {logging_mixin.py:137} INFO - [2023-04-25T23:43:34.701+0000] {dagbag.py:532} INFO - Filling up the DagBag from /opt/airflow/dags/treino02.py
[2023-04-25T23:43:35.364+0000] {processor.py:753} INFO - DAG(s) dict_keys(['treino-02']) retrieved from /opt/airflow/dags/treino02.py
[2023-04-25T23:43:35.396+0000] {logging_mixin.py:137} INFO - [2023-04-25T23:43:35.396+0000] {dag.py:2705} INFO - Sync 1 DAGs
[2023-04-25T23:43:35.424+0000] {logging_mixin.py:137} INFO - [2023-04-25T23:43:35.424+0000] {dag.py:3456} INFO - Setting next_dagrun for treino-02 to 2023-04-25T23:38:00+00:00, run_after=2023-04-25T23:40:00+00:00
[2023-04-25T23:43:35.446+0000] {processor.py:175} INFO - Processing /opt/airflow/dags/treino02.py took 0.754 seconds
[2023-04-25T23:44:06.337+0000] {processor.py:153} INFO - Started process (PID=1938) to work on /opt/airflow/dags/treino02.py
[2023-04-25T23:44:06.339+0000] {processor.py:743} INFO - Processing file /opt/airflow/dags/treino02.py for tasks to queue
[2023-04-25T23:44:06.340+0000] {logging_mixin.py:137} INFO - [2023-04-25T23:44:06.340+0000] {dagbag.py:532} INFO - Filling up the DagBag from /opt/airflow/dags/treino02.py
[2023-04-25T23:44:07.045+0000] {processor.py:753} INFO - DAG(s) dict_keys(['treino-02']) retrieved from /opt/airflow/dags/treino02.py
[2023-04-25T23:44:07.087+0000] {logging_mixin.py:137} INFO - [2023-04-25T23:44:07.087+0000] {dag.py:2705} INFO - Sync 1 DAGs
[2023-04-25T23:44:07.130+0000] {logging_mixin.py:137} INFO - [2023-04-25T23:44:07.129+0000] {dag.py:3456} INFO - Setting next_dagrun for treino-02 to 2023-04-25T23:38:00+00:00, run_after=2023-04-25T23:40:00+00:00
[2023-04-25T23:44:07.151+0000] {processor.py:175} INFO - Processing /opt/airflow/dags/treino02.py took 0.820 seconds
[2023-04-25T23:44:37.998+0000] {processor.py:153} INFO - Started process (PID=1992) to work on /opt/airflow/dags/treino02.py
[2023-04-25T23:44:38.001+0000] {processor.py:743} INFO - Processing file /opt/airflow/dags/treino02.py for tasks to queue
[2023-04-25T23:44:38.002+0000] {logging_mixin.py:137} INFO - [2023-04-25T23:44:38.002+0000] {dagbag.py:532} INFO - Filling up the DagBag from /opt/airflow/dags/treino02.py
[2023-04-25T23:44:38.624+0000] {processor.py:753} INFO - DAG(s) dict_keys(['treino-02']) retrieved from /opt/airflow/dags/treino02.py
[2023-04-25T23:44:38.648+0000] {logging_mixin.py:137} INFO - [2023-04-25T23:44:38.647+0000] {dag.py:2705} INFO - Sync 1 DAGs
[2023-04-25T23:44:38.674+0000] {logging_mixin.py:137} INFO - [2023-04-25T23:44:38.674+0000] {dag.py:3456} INFO - Setting next_dagrun for treino-02 to 2023-04-25T23:38:00+00:00, run_after=2023-04-25T23:40:00+00:00
[2023-04-25T23:44:38.689+0000] {processor.py:175} INFO - Processing /opt/airflow/dags/treino02.py took 0.697 seconds
[2023-04-25T23:45:08.821+0000] {processor.py:153} INFO - Started process (PID=2048) to work on /opt/airflow/dags/treino02.py
[2023-04-25T23:45:08.823+0000] {processor.py:743} INFO - Processing file /opt/airflow/dags/treino02.py for tasks to queue
[2023-04-25T23:45:08.824+0000] {logging_mixin.py:137} INFO - [2023-04-25T23:45:08.823+0000] {dagbag.py:532} INFO - Filling up the DagBag from /opt/airflow/dags/treino02.py
[2023-04-25T23:45:09.468+0000] {processor.py:753} INFO - DAG(s) dict_keys(['treino-02']) retrieved from /opt/airflow/dags/treino02.py
[2023-04-25T23:45:09.494+0000] {logging_mixin.py:137} INFO - [2023-04-25T23:45:09.494+0000] {dag.py:2705} INFO - Sync 1 DAGs
[2023-04-25T23:45:09.518+0000] {logging_mixin.py:137} INFO - [2023-04-25T23:45:09.518+0000] {dag.py:3456} INFO - Setting next_dagrun for treino-02 to 2023-04-25T23:38:00+00:00, run_after=2023-04-25T23:40:00+00:00
[2023-04-25T23:45:09.532+0000] {processor.py:175} INFO - Processing /opt/airflow/dags/treino02.py took 0.715 seconds
[2023-04-25T23:45:39.717+0000] {processor.py:153} INFO - Started process (PID=2103) to work on /opt/airflow/dags/treino02.py
[2023-04-25T23:45:39.718+0000] {processor.py:743} INFO - Processing file /opt/airflow/dags/treino02.py for tasks to queue
[2023-04-25T23:45:39.719+0000] {logging_mixin.py:137} INFO - [2023-04-25T23:45:39.719+0000] {dagbag.py:532} INFO - Filling up the DagBag from /opt/airflow/dags/treino02.py
[2023-04-25T23:45:40.440+0000] {processor.py:753} INFO - DAG(s) dict_keys(['treino-02']) retrieved from /opt/airflow/dags/treino02.py
[2023-04-25T23:45:40.481+0000] {logging_mixin.py:137} INFO - [2023-04-25T23:45:40.481+0000] {dag.py:2705} INFO - Sync 1 DAGs
[2023-04-25T23:45:40.524+0000] {logging_mixin.py:137} INFO - [2023-04-25T23:45:40.523+0000] {dag.py:3456} INFO - Setting next_dagrun for treino-02 to 2023-04-25T23:38:00+00:00, run_after=2023-04-25T23:40:00+00:00
[2023-04-25T23:45:40.547+0000] {processor.py:175} INFO - Processing /opt/airflow/dags/treino02.py took 0.834 seconds
[2023-04-25T23:46:10.727+0000] {processor.py:153} INFO - Started process (PID=2157) to work on /opt/airflow/dags/treino02.py
[2023-04-25T23:46:10.728+0000] {processor.py:743} INFO - Processing file /opt/airflow/dags/treino02.py for tasks to queue
[2023-04-25T23:46:10.729+0000] {logging_mixin.py:137} INFO - [2023-04-25T23:46:10.729+0000] {dagbag.py:532} INFO - Filling up the DagBag from /opt/airflow/dags/treino02.py
[2023-04-25T23:46:11.390+0000] {processor.py:753} INFO - DAG(s) dict_keys(['treino-02']) retrieved from /opt/airflow/dags/treino02.py
[2023-04-25T23:46:11.428+0000] {logging_mixin.py:137} INFO - [2023-04-25T23:46:11.428+0000] {dag.py:2705} INFO - Sync 1 DAGs
[2023-04-25T23:46:11.457+0000] {logging_mixin.py:137} INFO - [2023-04-25T23:46:11.457+0000] {dag.py:3456} INFO - Setting next_dagrun for treino-02 to 2023-04-25T23:38:00+00:00, run_after=2023-04-25T23:40:00+00:00
[2023-04-25T23:46:11.469+0000] {processor.py:175} INFO - Processing /opt/airflow/dags/treino02.py took 0.746 seconds
[2023-04-25T23:46:42.310+0000] {processor.py:153} INFO - Started process (PID=2211) to work on /opt/airflow/dags/treino02.py
[2023-04-25T23:46:42.312+0000] {processor.py:743} INFO - Processing file /opt/airflow/dags/treino02.py for tasks to queue
[2023-04-25T23:46:42.315+0000] {logging_mixin.py:137} INFO - [2023-04-25T23:46:42.315+0000] {dagbag.py:532} INFO - Filling up the DagBag from /opt/airflow/dags/treino02.py
[2023-04-25T23:46:42.947+0000] {processor.py:753} INFO - DAG(s) dict_keys(['treino-02']) retrieved from /opt/airflow/dags/treino02.py
[2023-04-25T23:46:42.981+0000] {logging_mixin.py:137} INFO - [2023-04-25T23:46:42.980+0000] {dag.py:2705} INFO - Sync 1 DAGs
[2023-04-25T23:46:43.019+0000] {logging_mixin.py:137} INFO - [2023-04-25T23:46:43.019+0000] {dag.py:3456} INFO - Setting next_dagrun for treino-02 to 2023-04-25T23:38:00+00:00, run_after=2023-04-25T23:40:00+00:00
[2023-04-25T23:46:43.041+0000] {processor.py:175} INFO - Processing /opt/airflow/dags/treino02.py took 0.736 seconds
[2023-04-25T23:47:13.317+0000] {processor.py:153} INFO - Started process (PID=2266) to work on /opt/airflow/dags/treino02.py
[2023-04-25T23:47:13.323+0000] {processor.py:743} INFO - Processing file /opt/airflow/dags/treino02.py for tasks to queue
[2023-04-25T23:47:13.329+0000] {logging_mixin.py:137} INFO - [2023-04-25T23:47:13.328+0000] {dagbag.py:532} INFO - Filling up the DagBag from /opt/airflow/dags/treino02.py
[2023-04-25T23:47:14.291+0000] {processor.py:753} INFO - DAG(s) dict_keys(['treino-02']) retrieved from /opt/airflow/dags/treino02.py
[2023-04-25T23:47:14.334+0000] {logging_mixin.py:137} INFO - [2023-04-25T23:47:14.334+0000] {dag.py:2705} INFO - Sync 1 DAGs
[2023-04-25T23:47:14.377+0000] {logging_mixin.py:137} INFO - [2023-04-25T23:47:14.377+0000] {dag.py:3456} INFO - Setting next_dagrun for treino-02 to 2023-04-25T23:38:00+00:00, run_after=2023-04-25T23:40:00+00:00
[2023-04-25T23:47:14.404+0000] {processor.py:175} INFO - Processing /opt/airflow/dags/treino02.py took 1.105 seconds
[2023-04-25T23:47:45.146+0000] {processor.py:153} INFO - Started process (PID=2319) to work on /opt/airflow/dags/treino02.py
[2023-04-25T23:47:45.149+0000] {processor.py:743} INFO - Processing file /opt/airflow/dags/treino02.py for tasks to queue
[2023-04-25T23:47:45.151+0000] {logging_mixin.py:137} INFO - [2023-04-25T23:47:45.151+0000] {dagbag.py:532} INFO - Filling up the DagBag from /opt/airflow/dags/treino02.py
[2023-04-25T23:47:46.239+0000] {processor.py:753} INFO - DAG(s) dict_keys(['treino-02']) retrieved from /opt/airflow/dags/treino02.py
[2023-04-25T23:47:46.313+0000] {logging_mixin.py:137} INFO - [2023-04-25T23:47:46.312+0000] {dag.py:2705} INFO - Sync 1 DAGs
[2023-04-25T23:47:46.455+0000] {logging_mixin.py:137} INFO - [2023-04-25T23:47:46.453+0000] {dag.py:3456} INFO - Setting next_dagrun for treino-02 to 2023-04-25T23:38:00+00:00, run_after=2023-04-25T23:40:00+00:00
[2023-04-25T23:47:46.510+0000] {processor.py:175} INFO - Processing /opt/airflow/dags/treino02.py took 1.375 seconds
[2023-04-25T23:48:16.818+0000] {processor.py:153} INFO - Started process (PID=2374) to work on /opt/airflow/dags/treino02.py
[2023-04-25T23:48:16.820+0000] {processor.py:743} INFO - Processing file /opt/airflow/dags/treino02.py for tasks to queue
[2023-04-25T23:48:16.821+0000] {logging_mixin.py:137} INFO - [2023-04-25T23:48:16.821+0000] {dagbag.py:532} INFO - Filling up the DagBag from /opt/airflow/dags/treino02.py
[2023-04-25T23:48:17.264+0000] {processor.py:753} INFO - DAG(s) dict_keys(['treino-02']) retrieved from /opt/airflow/dags/treino02.py
[2023-04-25T23:48:17.295+0000] {logging_mixin.py:137} INFO - [2023-04-25T23:48:17.294+0000] {dag.py:2705} INFO - Sync 1 DAGs
[2023-04-25T23:48:17.334+0000] {logging_mixin.py:137} INFO - [2023-04-25T23:48:17.334+0000] {dag.py:3456} INFO - Setting next_dagrun for treino-02 to 2023-04-25T23:38:00+00:00, run_after=2023-04-25T23:40:00+00:00
[2023-04-25T23:48:17.359+0000] {processor.py:175} INFO - Processing /opt/airflow/dags/treino02.py took 0.545 seconds
[2023-04-25T23:48:47.713+0000] {processor.py:153} INFO - Started process (PID=2430) to work on /opt/airflow/dags/treino02.py
[2023-04-25T23:48:47.714+0000] {processor.py:743} INFO - Processing file /opt/airflow/dags/treino02.py for tasks to queue
[2023-04-25T23:48:47.715+0000] {logging_mixin.py:137} INFO - [2023-04-25T23:48:47.715+0000] {dagbag.py:532} INFO - Filling up the DagBag from /opt/airflow/dags/treino02.py
[2023-04-25T23:48:48.318+0000] {processor.py:753} INFO - DAG(s) dict_keys(['treino-02']) retrieved from /opt/airflow/dags/treino02.py
[2023-04-25T23:48:48.352+0000] {logging_mixin.py:137} INFO - [2023-04-25T23:48:48.352+0000] {dag.py:2705} INFO - Sync 1 DAGs
[2023-04-25T23:48:48.383+0000] {logging_mixin.py:137} INFO - [2023-04-25T23:48:48.383+0000] {dag.py:3456} INFO - Setting next_dagrun for treino-02 to 2023-04-25T23:38:00+00:00, run_after=2023-04-25T23:40:00+00:00
[2023-04-25T23:48:48.406+0000] {processor.py:175} INFO - Processing /opt/airflow/dags/treino02.py took 0.698 seconds
[2023-04-25T23:49:18.481+0000] {processor.py:153} INFO - Started process (PID=2481) to work on /opt/airflow/dags/treino02.py
[2023-04-25T23:49:18.482+0000] {processor.py:743} INFO - Processing file /opt/airflow/dags/treino02.py for tasks to queue
[2023-04-25T23:49:18.483+0000] {logging_mixin.py:137} INFO - [2023-04-25T23:49:18.483+0000] {dagbag.py:532} INFO - Filling up the DagBag from /opt/airflow/dags/treino02.py
[2023-04-25T23:49:19.256+0000] {processor.py:753} INFO - DAG(s) dict_keys(['treino-02']) retrieved from /opt/airflow/dags/treino02.py
[2023-04-25T23:49:19.308+0000] {logging_mixin.py:137} INFO - [2023-04-25T23:49:19.308+0000] {dag.py:2705} INFO - Sync 1 DAGs
[2023-04-25T23:49:19.339+0000] {logging_mixin.py:137} INFO - [2023-04-25T23:49:19.339+0000] {dag.py:3456} INFO - Setting next_dagrun for treino-02 to 2023-04-25T23:38:00+00:00, run_after=2023-04-25T23:40:00+00:00
[2023-04-25T23:49:19.365+0000] {processor.py:175} INFO - Processing /opt/airflow/dags/treino02.py took 0.889 seconds
[2023-04-25T23:49:49.516+0000] {processor.py:153} INFO - Started process (PID=2534) to work on /opt/airflow/dags/treino02.py
[2023-04-25T23:49:49.518+0000] {processor.py:743} INFO - Processing file /opt/airflow/dags/treino02.py for tasks to queue
[2023-04-25T23:49:49.519+0000] {logging_mixin.py:137} INFO - [2023-04-25T23:49:49.519+0000] {dagbag.py:532} INFO - Filling up the DagBag from /opt/airflow/dags/treino02.py
[2023-04-25T23:49:50.208+0000] {processor.py:753} INFO - DAG(s) dict_keys(['treino-02']) retrieved from /opt/airflow/dags/treino02.py
[2023-04-25T23:49:50.239+0000] {logging_mixin.py:137} INFO - [2023-04-25T23:49:50.238+0000] {dag.py:2705} INFO - Sync 1 DAGs
[2023-04-25T23:49:50.273+0000] {logging_mixin.py:137} INFO - [2023-04-25T23:49:50.273+0000] {dag.py:3456} INFO - Setting next_dagrun for treino-02 to 2023-04-25T23:38:00+00:00, run_after=2023-04-25T23:40:00+00:00
[2023-04-25T23:49:50.292+0000] {processor.py:175} INFO - Processing /opt/airflow/dags/treino02.py took 0.781 seconds
[2023-04-25T23:50:20.586+0000] {processor.py:153} INFO - Started process (PID=2588) to work on /opt/airflow/dags/treino02.py
[2023-04-25T23:50:20.587+0000] {processor.py:743} INFO - Processing file /opt/airflow/dags/treino02.py for tasks to queue
[2023-04-25T23:50:20.588+0000] {logging_mixin.py:137} INFO - [2023-04-25T23:50:20.588+0000] {dagbag.py:532} INFO - Filling up the DagBag from /opt/airflow/dags/treino02.py
[2023-04-25T23:50:21.198+0000] {processor.py:753} INFO - DAG(s) dict_keys(['treino-02']) retrieved from /opt/airflow/dags/treino02.py
[2023-04-25T23:50:21.235+0000] {logging_mixin.py:137} INFO - [2023-04-25T23:50:21.233+0000] {dag.py:2705} INFO - Sync 1 DAGs
[2023-04-25T23:50:21.271+0000] {logging_mixin.py:137} INFO - [2023-04-25T23:50:21.271+0000] {dag.py:3456} INFO - Setting next_dagrun for treino-02 to 2023-04-25T23:38:00+00:00, run_after=2023-04-25T23:40:00+00:00
[2023-04-25T23:50:21.292+0000] {processor.py:175} INFO - Processing /opt/airflow/dags/treino02.py took 0.710 seconds
[2023-04-25T23:50:51.416+0000] {processor.py:153} INFO - Started process (PID=2643) to work on /opt/airflow/dags/treino02.py
[2023-04-25T23:50:51.418+0000] {processor.py:743} INFO - Processing file /opt/airflow/dags/treino02.py for tasks to queue
[2023-04-25T23:50:51.419+0000] {logging_mixin.py:137} INFO - [2023-04-25T23:50:51.419+0000] {dagbag.py:532} INFO - Filling up the DagBag from /opt/airflow/dags/treino02.py
[2023-04-25T23:50:52.072+0000] {processor.py:753} INFO - DAG(s) dict_keys(['treino-02']) retrieved from /opt/airflow/dags/treino02.py
[2023-04-25T23:50:52.115+0000] {logging_mixin.py:137} INFO - [2023-04-25T23:50:52.114+0000] {dag.py:2705} INFO - Sync 1 DAGs
[2023-04-25T23:50:52.145+0000] {logging_mixin.py:137} INFO - [2023-04-25T23:50:52.145+0000] {dag.py:3456} INFO - Setting next_dagrun for treino-02 to 2023-04-25T23:38:00+00:00, run_after=2023-04-25T23:40:00+00:00
[2023-04-25T23:50:52.161+0000] {processor.py:175} INFO - Processing /opt/airflow/dags/treino02.py took 0.748 seconds
[2023-04-25T23:51:22.224+0000] {processor.py:153} INFO - Started process (PID=2696) to work on /opt/airflow/dags/treino02.py
[2023-04-25T23:51:22.226+0000] {processor.py:743} INFO - Processing file /opt/airflow/dags/treino02.py for tasks to queue
[2023-04-25T23:51:22.227+0000] {logging_mixin.py:137} INFO - [2023-04-25T23:51:22.227+0000] {dagbag.py:532} INFO - Filling up the DagBag from /opt/airflow/dags/treino02.py
[2023-04-25T23:51:22.895+0000] {processor.py:753} INFO - DAG(s) dict_keys(['treino-02']) retrieved from /opt/airflow/dags/treino02.py
[2023-04-25T23:51:22.928+0000] {logging_mixin.py:137} INFO - [2023-04-25T23:51:22.928+0000] {dag.py:2705} INFO - Sync 1 DAGs
[2023-04-25T23:51:22.972+0000] {logging_mixin.py:137} INFO - [2023-04-25T23:51:22.972+0000] {dag.py:3456} INFO - Setting next_dagrun for treino-02 to 2023-04-25T23:38:00+00:00, run_after=2023-04-25T23:40:00+00:00
[2023-04-25T23:51:22.990+0000] {processor.py:175} INFO - Processing /opt/airflow/dags/treino02.py took 0.769 seconds
[2023-04-25T23:51:53.440+0000] {processor.py:153} INFO - Started process (PID=2751) to work on /opt/airflow/dags/treino02.py
[2023-04-25T23:51:53.442+0000] {processor.py:743} INFO - Processing file /opt/airflow/dags/treino02.py for tasks to queue
[2023-04-25T23:51:53.443+0000] {logging_mixin.py:137} INFO - [2023-04-25T23:51:53.443+0000] {dagbag.py:532} INFO - Filling up the DagBag from /opt/airflow/dags/treino02.py
[2023-04-25T23:51:53.992+0000] {processor.py:753} INFO - DAG(s) dict_keys(['treino-02']) retrieved from /opt/airflow/dags/treino02.py
[2023-04-25T23:51:54.043+0000] {logging_mixin.py:137} INFO - [2023-04-25T23:51:54.043+0000] {dag.py:2705} INFO - Sync 1 DAGs
[2023-04-25T23:51:54.077+0000] {logging_mixin.py:137} INFO - [2023-04-25T23:51:54.077+0000] {dag.py:3456} INFO - Setting next_dagrun for treino-02 to 2023-04-25T23:38:00+00:00, run_after=2023-04-25T23:40:00+00:00
[2023-04-25T23:51:54.094+0000] {processor.py:175} INFO - Processing /opt/airflow/dags/treino02.py took 0.657 seconds
[2023-04-25T23:52:24.598+0000] {processor.py:153} INFO - Started process (PID=2802) to work on /opt/airflow/dags/treino02.py
[2023-04-25T23:52:24.600+0000] {processor.py:743} INFO - Processing file /opt/airflow/dags/treino02.py for tasks to queue
[2023-04-25T23:52:24.602+0000] {logging_mixin.py:137} INFO - [2023-04-25T23:52:24.601+0000] {dagbag.py:532} INFO - Filling up the DagBag from /opt/airflow/dags/treino02.py
[2023-04-25T23:52:25.221+0000] {processor.py:753} INFO - DAG(s) dict_keys(['treino-02']) retrieved from /opt/airflow/dags/treino02.py
[2023-04-25T23:52:25.244+0000] {logging_mixin.py:137} INFO - [2023-04-25T23:52:25.244+0000] {dag.py:2705} INFO - Sync 1 DAGs
[2023-04-25T23:52:25.269+0000] {logging_mixin.py:137} INFO - [2023-04-25T23:52:25.269+0000] {dag.py:3456} INFO - Setting next_dagrun for treino-02 to 2023-04-25T23:38:00+00:00, run_after=2023-04-25T23:40:00+00:00
[2023-04-25T23:52:25.283+0000] {processor.py:175} INFO - Processing /opt/airflow/dags/treino02.py took 0.692 seconds
[2023-04-25T23:52:56.055+0000] {processor.py:153} INFO - Started process (PID=2857) to work on /opt/airflow/dags/treino02.py
[2023-04-25T23:52:56.057+0000] {processor.py:743} INFO - Processing file /opt/airflow/dags/treino02.py for tasks to queue
[2023-04-25T23:52:56.058+0000] {logging_mixin.py:137} INFO - [2023-04-25T23:52:56.058+0000] {dagbag.py:532} INFO - Filling up the DagBag from /opt/airflow/dags/treino02.py
[2023-04-25T23:52:56.673+0000] {processor.py:753} INFO - DAG(s) dict_keys(['treino-02']) retrieved from /opt/airflow/dags/treino02.py
[2023-04-25T23:52:56.701+0000] {logging_mixin.py:137} INFO - [2023-04-25T23:52:56.701+0000] {dag.py:2705} INFO - Sync 1 DAGs
[2023-04-25T23:52:56.725+0000] {logging_mixin.py:137} INFO - [2023-04-25T23:52:56.724+0000] {dag.py:3456} INFO - Setting next_dagrun for treino-02 to 2023-04-25T23:38:00+00:00, run_after=2023-04-25T23:40:00+00:00
[2023-04-25T23:52:56.739+0000] {processor.py:175} INFO - Processing /opt/airflow/dags/treino02.py took 0.687 seconds
[2023-04-25T23:53:26.911+0000] {processor.py:153} INFO - Started process (PID=2910) to work on /opt/airflow/dags/treino02.py
[2023-04-25T23:53:26.913+0000] {processor.py:743} INFO - Processing file /opt/airflow/dags/treino02.py for tasks to queue
[2023-04-25T23:53:26.914+0000] {logging_mixin.py:137} INFO - [2023-04-25T23:53:26.914+0000] {dagbag.py:532} INFO - Filling up the DagBag from /opt/airflow/dags/treino02.py
[2023-04-25T23:53:27.513+0000] {processor.py:753} INFO - DAG(s) dict_keys(['treino-02']) retrieved from /opt/airflow/dags/treino02.py
[2023-04-25T23:53:27.541+0000] {logging_mixin.py:137} INFO - [2023-04-25T23:53:27.541+0000] {dag.py:2705} INFO - Sync 1 DAGs
[2023-04-25T23:53:27.567+0000] {logging_mixin.py:137} INFO - [2023-04-25T23:53:27.567+0000] {dag.py:3456} INFO - Setting next_dagrun for treino-02 to 2023-04-25T23:38:00+00:00, run_after=2023-04-25T23:40:00+00:00
[2023-04-25T23:53:27.582+0000] {processor.py:175} INFO - Processing /opt/airflow/dags/treino02.py took 0.677 seconds
[2023-04-25T23:53:58.407+0000] {processor.py:153} INFO - Started process (PID=2965) to work on /opt/airflow/dags/treino02.py
[2023-04-25T23:53:58.409+0000] {processor.py:743} INFO - Processing file /opt/airflow/dags/treino02.py for tasks to queue
[2023-04-25T23:53:58.410+0000] {logging_mixin.py:137} INFO - [2023-04-25T23:53:58.410+0000] {dagbag.py:532} INFO - Filling up the DagBag from /opt/airflow/dags/treino02.py
[2023-04-25T23:53:59.113+0000] {processor.py:753} INFO - DAG(s) dict_keys(['treino-02']) retrieved from /opt/airflow/dags/treino02.py
[2023-04-25T23:53:59.152+0000] {logging_mixin.py:137} INFO - [2023-04-25T23:53:59.150+0000] {dag.py:2705} INFO - Sync 1 DAGs
[2023-04-25T23:53:59.196+0000] {logging_mixin.py:137} INFO - [2023-04-25T23:53:59.195+0000] {dag.py:3456} INFO - Setting next_dagrun for treino-02 to 2023-04-25T23:38:00+00:00, run_after=2023-04-25T23:40:00+00:00
[2023-04-25T23:53:59.227+0000] {processor.py:175} INFO - Processing /opt/airflow/dags/treino02.py took 0.825 seconds
[2023-04-25T23:54:29.353+0000] {processor.py:153} INFO - Started process (PID=3024) to work on /opt/airflow/dags/treino02.py
[2023-04-25T23:54:29.356+0000] {processor.py:743} INFO - Processing file /opt/airflow/dags/treino02.py for tasks to queue
[2023-04-25T23:54:29.358+0000] {logging_mixin.py:137} INFO - [2023-04-25T23:54:29.358+0000] {dagbag.py:532} INFO - Filling up the DagBag from /opt/airflow/dags/treino02.py
[2023-04-25T23:54:29.977+0000] {processor.py:753} INFO - DAG(s) dict_keys(['treino-02']) retrieved from /opt/airflow/dags/treino02.py
[2023-04-25T23:54:30.000+0000] {logging_mixin.py:137} INFO - [2023-04-25T23:54:30.000+0000] {dag.py:2705} INFO - Sync 1 DAGs
[2023-04-25T23:54:30.024+0000] {logging_mixin.py:137} INFO - [2023-04-25T23:54:30.024+0000] {dag.py:3456} INFO - Setting next_dagrun for treino-02 to 2023-04-25T23:38:00+00:00, run_after=2023-04-25T23:40:00+00:00
[2023-04-25T23:54:30.038+0000] {processor.py:175} INFO - Processing /opt/airflow/dags/treino02.py took 0.694 seconds
[2023-04-25T23:55:00.267+0000] {processor.py:153} INFO - Started process (PID=3080) to work on /opt/airflow/dags/treino02.py
[2023-04-25T23:55:00.268+0000] {processor.py:743} INFO - Processing file /opt/airflow/dags/treino02.py for tasks to queue
[2023-04-25T23:55:00.269+0000] {logging_mixin.py:137} INFO - [2023-04-25T23:55:00.269+0000] {dagbag.py:532} INFO - Filling up the DagBag from /opt/airflow/dags/treino02.py
[2023-04-25T23:55:00.917+0000] {processor.py:753} INFO - DAG(s) dict_keys(['treino-02']) retrieved from /opt/airflow/dags/treino02.py
[2023-04-25T23:55:00.958+0000] {logging_mixin.py:137} INFO - [2023-04-25T23:55:00.957+0000] {dag.py:2705} INFO - Sync 1 DAGs
[2023-04-25T23:55:00.987+0000] {logging_mixin.py:137} INFO - [2023-04-25T23:55:00.987+0000] {dag.py:3456} INFO - Setting next_dagrun for treino-02 to 2023-04-25T23:38:00+00:00, run_after=2023-04-25T23:40:00+00:00
[2023-04-25T23:55:01.003+0000] {processor.py:175} INFO - Processing /opt/airflow/dags/treino02.py took 0.740 seconds
[2023-04-25T23:55:31.267+0000] {processor.py:153} INFO - Started process (PID=3135) to work on /opt/airflow/dags/treino02.py
[2023-04-25T23:55:31.268+0000] {processor.py:743} INFO - Processing file /opt/airflow/dags/treino02.py for tasks to queue
[2023-04-25T23:55:31.269+0000] {logging_mixin.py:137} INFO - [2023-04-25T23:55:31.269+0000] {dagbag.py:532} INFO - Filling up the DagBag from /opt/airflow/dags/treino02.py
[2023-04-25T23:55:31.963+0000] {processor.py:753} INFO - DAG(s) dict_keys(['treino-02']) retrieved from /opt/airflow/dags/treino02.py
[2023-04-25T23:55:32.025+0000] {logging_mixin.py:137} INFO - [2023-04-25T23:55:32.024+0000] {dag.py:2705} INFO - Sync 1 DAGs
[2023-04-25T23:55:32.055+0000] {logging_mixin.py:137} INFO - [2023-04-25T23:55:32.055+0000] {dag.py:3456} INFO - Setting next_dagrun for treino-02 to 2023-04-25T23:38:00+00:00, run_after=2023-04-25T23:40:00+00:00
[2023-04-25T23:55:32.069+0000] {processor.py:175} INFO - Processing /opt/airflow/dags/treino02.py took 0.807 seconds
[2023-04-25T23:56:02.204+0000] {processor.py:153} INFO - Started process (PID=3188) to work on /opt/airflow/dags/treino02.py
[2023-04-25T23:56:02.205+0000] {processor.py:743} INFO - Processing file /opt/airflow/dags/treino02.py for tasks to queue
[2023-04-25T23:56:02.206+0000] {logging_mixin.py:137} INFO - [2023-04-25T23:56:02.206+0000] {dagbag.py:532} INFO - Filling up the DagBag from /opt/airflow/dags/treino02.py
[2023-04-25T23:56:02.852+0000] {processor.py:753} INFO - DAG(s) dict_keys(['treino-02']) retrieved from /opt/airflow/dags/treino02.py
[2023-04-25T23:56:02.915+0000] {logging_mixin.py:137} INFO - [2023-04-25T23:56:02.914+0000] {dag.py:2705} INFO - Sync 1 DAGs
[2023-04-25T23:56:02.945+0000] {logging_mixin.py:137} INFO - [2023-04-25T23:56:02.945+0000] {dag.py:3456} INFO - Setting next_dagrun for treino-02 to 2023-04-25T23:38:00+00:00, run_after=2023-04-25T23:40:00+00:00
[2023-04-25T23:56:02.960+0000] {processor.py:175} INFO - Processing /opt/airflow/dags/treino02.py took 0.760 seconds
[2023-04-25T23:56:33.070+0000] {processor.py:153} INFO - Started process (PID=3241) to work on /opt/airflow/dags/treino02.py
[2023-04-25T23:56:33.071+0000] {processor.py:743} INFO - Processing file /opt/airflow/dags/treino02.py for tasks to queue
[2023-04-25T23:56:33.072+0000] {logging_mixin.py:137} INFO - [2023-04-25T23:56:33.072+0000] {dagbag.py:532} INFO - Filling up the DagBag from /opt/airflow/dags/treino02.py
[2023-04-25T23:56:33.774+0000] {processor.py:753} INFO - DAG(s) dict_keys(['treino-02']) retrieved from /opt/airflow/dags/treino02.py
[2023-04-25T23:56:33.808+0000] {logging_mixin.py:137} INFO - [2023-04-25T23:56:33.808+0000] {dag.py:2705} INFO - Sync 1 DAGs
[2023-04-25T23:56:33.852+0000] {logging_mixin.py:137} INFO - [2023-04-25T23:56:33.852+0000] {dag.py:3456} INFO - Setting next_dagrun for treino-02 to 2023-04-25T23:38:00+00:00, run_after=2023-04-25T23:40:00+00:00
[2023-04-25T23:56:33.868+0000] {processor.py:175} INFO - Processing /opt/airflow/dags/treino02.py took 0.802 seconds
[2023-04-25T23:57:04.035+0000] {processor.py:153} INFO - Started process (PID=3294) to work on /opt/airflow/dags/treino02.py
[2023-04-25T23:57:04.037+0000] {processor.py:743} INFO - Processing file /opt/airflow/dags/treino02.py for tasks to queue
[2023-04-25T23:57:04.038+0000] {logging_mixin.py:137} INFO - [2023-04-25T23:57:04.038+0000] {dagbag.py:532} INFO - Filling up the DagBag from /opt/airflow/dags/treino02.py
[2023-04-25T23:57:04.758+0000] {processor.py:753} INFO - DAG(s) dict_keys(['treino-02']) retrieved from /opt/airflow/dags/treino02.py
[2023-04-25T23:57:04.803+0000] {logging_mixin.py:137} INFO - [2023-04-25T23:57:04.803+0000] {dag.py:2705} INFO - Sync 1 DAGs
[2023-04-25T23:57:04.835+0000] {logging_mixin.py:137} INFO - [2023-04-25T23:57:04.835+0000] {dag.py:3456} INFO - Setting next_dagrun for treino-02 to 2023-04-25T23:38:00+00:00, run_after=2023-04-25T23:40:00+00:00
[2023-04-25T23:57:04.850+0000] {processor.py:175} INFO - Processing /opt/airflow/dags/treino02.py took 0.819 seconds
[2023-04-25T23:57:35.630+0000] {processor.py:153} INFO - Started process (PID=3347) to work on /opt/airflow/dags/treino02.py
[2023-04-25T23:57:35.632+0000] {processor.py:743} INFO - Processing file /opt/airflow/dags/treino02.py for tasks to queue
[2023-04-25T23:57:35.633+0000] {logging_mixin.py:137} INFO - [2023-04-25T23:57:35.633+0000] {dagbag.py:532} INFO - Filling up the DagBag from /opt/airflow/dags/treino02.py
[2023-04-25T23:57:36.362+0000] {processor.py:753} INFO - DAG(s) dict_keys(['treino-02']) retrieved from /opt/airflow/dags/treino02.py
[2023-04-25T23:57:36.400+0000] {logging_mixin.py:137} INFO - [2023-04-25T23:57:36.400+0000] {dag.py:2705} INFO - Sync 1 DAGs
[2023-04-25T23:57:36.438+0000] {logging_mixin.py:137} INFO - [2023-04-25T23:57:36.437+0000] {dag.py:3456} INFO - Setting next_dagrun for treino-02 to 2023-04-25T23:38:00+00:00, run_after=2023-04-25T23:40:00+00:00
[2023-04-25T23:57:36.454+0000] {processor.py:175} INFO - Processing /opt/airflow/dags/treino02.py took 0.830 seconds
[2023-04-25T23:58:06.979+0000] {processor.py:153} INFO - Started process (PID=3400) to work on /opt/airflow/dags/treino02.py
[2023-04-25T23:58:06.981+0000] {processor.py:743} INFO - Processing file /opt/airflow/dags/treino02.py for tasks to queue
[2023-04-25T23:58:06.983+0000] {logging_mixin.py:137} INFO - [2023-04-25T23:58:06.983+0000] {dagbag.py:532} INFO - Filling up the DagBag from /opt/airflow/dags/treino02.py
[2023-04-25T23:58:07.722+0000] {processor.py:753} INFO - DAG(s) dict_keys(['treino-02']) retrieved from /opt/airflow/dags/treino02.py
[2023-04-25T23:58:07.773+0000] {logging_mixin.py:137} INFO - [2023-04-25T23:58:07.772+0000] {dag.py:2705} INFO - Sync 1 DAGs
[2023-04-25T23:58:07.805+0000] {logging_mixin.py:137} INFO - [2023-04-25T23:58:07.805+0000] {dag.py:3456} INFO - Setting next_dagrun for treino-02 to 2023-04-25T23:38:00+00:00, run_after=2023-04-25T23:40:00+00:00
[2023-04-25T23:58:07.823+0000] {processor.py:175} INFO - Processing /opt/airflow/dags/treino02.py took 0.852 seconds
[2023-04-25T23:58:38.031+0000] {processor.py:153} INFO - Started process (PID=3453) to work on /opt/airflow/dags/treino02.py
[2023-04-25T23:58:38.034+0000] {processor.py:743} INFO - Processing file /opt/airflow/dags/treino02.py for tasks to queue
[2023-04-25T23:58:38.035+0000] {logging_mixin.py:137} INFO - [2023-04-25T23:58:38.035+0000] {dagbag.py:532} INFO - Filling up the DagBag from /opt/airflow/dags/treino02.py
[2023-04-25T23:58:38.654+0000] {processor.py:753} INFO - DAG(s) dict_keys(['treino-02']) retrieved from /opt/airflow/dags/treino02.py
[2023-04-25T23:58:38.713+0000] {logging_mixin.py:137} INFO - [2023-04-25T23:58:38.712+0000] {dag.py:2705} INFO - Sync 1 DAGs
[2023-04-25T23:58:38.753+0000] {logging_mixin.py:137} INFO - [2023-04-25T23:58:38.753+0000] {dag.py:3456} INFO - Setting next_dagrun for treino-02 to 2023-04-25T23:38:00+00:00, run_after=2023-04-25T23:40:00+00:00
[2023-04-25T23:58:38.777+0000] {processor.py:175} INFO - Processing /opt/airflow/dags/treino02.py took 0.751 seconds
[2023-04-25T23:59:09.336+0000] {processor.py:153} INFO - Started process (PID=3507) to work on /opt/airflow/dags/treino02.py
[2023-04-25T23:59:09.339+0000] {processor.py:743} INFO - Processing file /opt/airflow/dags/treino02.py for tasks to queue
[2023-04-25T23:59:09.340+0000] {logging_mixin.py:137} INFO - [2023-04-25T23:59:09.340+0000] {dagbag.py:532} INFO - Filling up the DagBag from /opt/airflow/dags/treino02.py
[2023-04-25T23:59:09.873+0000] {processor.py:753} INFO - DAG(s) dict_keys(['treino-02']) retrieved from /opt/airflow/dags/treino02.py
[2023-04-25T23:59:09.896+0000] {logging_mixin.py:137} INFO - [2023-04-25T23:59:09.896+0000] {dag.py:2705} INFO - Sync 1 DAGs
[2023-04-25T23:59:09.921+0000] {logging_mixin.py:137} INFO - [2023-04-25T23:59:09.921+0000] {dag.py:3456} INFO - Setting next_dagrun for treino-02 to 2023-04-25T23:38:00+00:00, run_after=2023-04-25T23:40:00+00:00
[2023-04-25T23:59:09.936+0000] {processor.py:175} INFO - Processing /opt/airflow/dags/treino02.py took 0.607 seconds
[2023-04-25T23:59:40.125+0000] {processor.py:153} INFO - Started process (PID=3560) to work on /opt/airflow/dags/treino02.py
[2023-04-25T23:59:40.128+0000] {processor.py:743} INFO - Processing file /opt/airflow/dags/treino02.py for tasks to queue
[2023-04-25T23:59:40.130+0000] {logging_mixin.py:137} INFO - [2023-04-25T23:59:40.130+0000] {dagbag.py:532} INFO - Filling up the DagBag from /opt/airflow/dags/treino02.py
[2023-04-25T23:59:41.828+0000] {processor.py:753} INFO - DAG(s) dict_keys(['treino-02']) retrieved from /opt/airflow/dags/treino02.py
[2023-04-25T23:59:41.883+0000] {logging_mixin.py:137} INFO - [2023-04-25T23:59:41.881+0000] {dag.py:2705} INFO - Sync 1 DAGs
[2023-04-25T23:59:41.956+0000] {logging_mixin.py:137} INFO - [2023-04-25T23:59:41.956+0000] {dag.py:3456} INFO - Setting next_dagrun for treino-02 to 2023-04-25T23:38:00+00:00, run_after=2023-04-25T23:40:00+00:00
[2023-04-25T23:59:42.009+0000] {processor.py:175} INFO - Processing /opt/airflow/dags/treino02.py took 1.894 seconds
